#
# There is insufficient memory for the Java Runtime Environment to continue.
# Native memory allocation (mmap) failed to map 51904512 bytes for committing reserved memory.
# Possible reasons:
#   The system is out of physical RAM or swap space
#   In 32 bit mode, the process size limit was hit
# Possible solutions:
#   Reduce memory load on the system
#   Increase physical memory or swap space
#   Check if swap backing store is full
#   Use 64 bit Java on a 64 bit OS
#   Decrease Java heap size (-Xmx/-Xms)
#   Decrease number of Java threads
#   Decrease Java thread stack sizes (-Xss)
#   Set larger code cache with -XX:ReservedCodeCacheSize=
# This output file may be truncated or incomplete.
#
#  Out of Memory Error (os_linux.cpp:2640), pid=2308, tid=0x00007ff3eee72700
#
# JRE version: OpenJDK Runtime Environment (8.0_152-b01) (build 1.8.0_152-release-915-b01)
# Java VM: OpenJDK 64-Bit Server VM (25.152-b01 mixed mode linux-amd64 compressed oops)
# Failed to write core dump. Core dumps have been disabled. To enable core dumping, try "ulimit -c unlimited" before starting Java again
#

---------------  T H R E A D  ---------------

Current thread (0x00007ff408078000):  VMThread [stack: 0x00007ff3eed72000,0x00007ff3eee73000] [id=2317]

Stack: [0x00007ff3eed72000,0x00007ff3eee73000],  sp=0x00007ff3eee714c0,  free space=1021k
Native frames: (J=compiled Java code, j=interpreted, Vv=VM code, C=native code)
V  [libjvm.so+0x9eb15d]  VMError::report_and_die()+0x15d
V  [libjvm.so+0x4b8eaa]  report_vm_out_of_memory(char const*, int, unsigned long, VMErrorType, char const*)+0x8a
V  [libjvm.so+0x851370]  os::pd_commit_memory(char*, unsigned long, unsigned long, bool)+0xf0
V  [libjvm.so+0x84be8f]  os::commit_memory(char*, unsigned long, unsigned long, bool)+0x1f
V  [libjvm.so+0x8c261b]  PSVirtualSpace::expand_by(unsigned long)+0x5b
V  [libjvm.so+0x8c3290]  PSYoungGen::resize_generation(unsigned long, unsigned long)+0xb0
V  [libjvm.so+0x8c35ab]  PSYoungGen::resize(unsigned long, unsigned long)+0x1b
V  [libjvm.so+0x8bfc9c]  PSScavenge::invoke_no_policy()+0xdac
V  [libjvm.so+0x8c0478]  PSScavenge::invoke()+0x38
V  [libjvm.so+0x8748f3]  ParallelScavengeHeap::failed_mem_allocate(unsigned long)+0x63
V  [libjvm.so+0x9ecc84]  VM_ParallelGCFailedAllocation::doit()+0x84
V  [libjvm.so+0x9f1197]  VM_Operation::evaluate()+0x47
V  [libjvm.so+0x9efb78]  VMThread::evaluate_operation(VM_Operation*)+0x2c8
V  [libjvm.so+0x9efff9]  VMThread::loop()+0x219
V  [libjvm.so+0x9f0442]  VMThread::run()+0x72
V  [libjvm.so+0x84e792]  java_start(Thread*)+0xf2

VM_Operation (0x00007ff387afafd0): ParallelGCFailedAllocation, mode: safepoint, requested by thread 0x00007ff3a800e800


---------------  P R O C E S S  ---------------

Java Threads: ( => current thread )
  0x00007ff3e0050000 JavaThread "ForkJoinPool.commonPool-worker-5" daemon [_thread_blocked, id=13807, stack(0x00007ff384fe2000,0x00007ff3850e3000)]
  0x00007ff3f007f000 JavaThread "ForkJoinPool.commonPool-worker-4" daemon [_thread_blocked, id=13806, stack(0x00007ff3851e4000,0x00007ff3852e5000)]
  0x00007ff39c023800 JavaThread "ForkJoinPool.commonPool-worker-3" daemon [_thread_blocked, id=13804, stack(0x00007ff3845f5000,0x00007ff3846f6000)]
  0x00007ff39c029800 JavaThread "ForkJoinPool.commonPool-worker-2" daemon [_thread_blocked, id=13803, stack(0x00007ff384afa000,0x00007ff384bfb000)]
  0x00007ff370062800 JavaThread "ForkJoinPool.commonPool-worker-1" daemon [_thread_blocked, id=13802, stack(0x00007ff36f5fe000,0x00007ff36f6ff000)]
  0x00007ff380238800 JavaThread "Task worker for ':' Thread 3" [_thread_blocked, id=13784, stack(0x00007ff3846f6000,0x00007ff3847f7000)]
  0x00007ff380237800 JavaThread "Task worker for ':' Thread 2" [_thread_blocked, id=13783, stack(0x00007ff3ec261000,0x00007ff3ec362000)]
  0x00007ff380236000 JavaThread "Task worker for ':'" [_thread_blocked, id=13782, stack(0x00007ff36f6ff000,0x00007ff36f800000)]
  0x00007ff380234000 JavaThread "Cache worker for task history cache (/home/momo/AndroidStudioProjects/client/.gradle/4.1/taskHistory)" [_thread_blocked, id=13781, stack(0x00007ff384cfc000,0x00007ff384dfd000)]
  0x00007ff3801ab800 JavaThread "Cache worker for file content cache (/home/momo/AndroidStudioProjects/client/.gradle/4.1/fileContent)" [_thread_blocked, id=13780, stack(0x00007ff385d06000,0x00007ff385e07000)]
  0x00007ff380074800 JavaThread "build operations Thread 4" [_thread_blocked, id=13779, stack(0x00007ff3840f4000,0x00007ff3841f5000)]
  0x00007ff380034800 JavaThread "build operations Thread 3" [_thread_blocked, id=13778, stack(0x00007ff3848f8000,0x00007ff3849f9000)]
  0x00007ff380038800 JavaThread "build operations Thread 2" [_thread_blocked, id=13777, stack(0x00007ff387bfe000,0x00007ff387cff000)]
  0x00007ff380037800 JavaThread "build operations" [_thread_blocked, id=13776, stack(0x00007ff3ec764000,0x00007ff3ec865000)]
  0x00007ff380039800 JavaThread "Cache worker for Artifact transforms cache (/home/momo/.gradle/caches/transforms-1)" [_thread_blocked, id=13775, stack(0x00007ff3850e3000,0x00007ff3851e4000)]
  0x00007ff38002e000 JavaThread "Cache worker for file hash cache (/home/momo/AndroidStudioProjects/client/.gradle/4.1/fileHashes)" [_thread_blocked, id=13774, stack(0x00007ff36eaf3000,0x00007ff36ebf4000)]
  0x00007ff380179800 JavaThread "Stdin handler" [_thread_blocked, id=13773, stack(0x00007ff387cff000,0x00007ff387e00000)]
  0x00007ff3800a7000 JavaThread "Asynchronous log dispatcher for DefaultDaemonConnection: socket connection from /127.0.0.1:36659 to /127.0.0.1:47782" [_thread_blocked, id=13770, stack(0x00007ff36edf6000,0x00007ff36eef7000)]
  0x00007ff3a8011000 JavaThread "Cancel handler" [_thread_blocked, id=13769, stack(0x00007ff3ec663000,0x00007ff3ec764000)]
  0x00007ff3a8001800 JavaThread "Handler for socket connection from /127.0.0.1:36659 to /127.0.0.1:47782" [_thread_in_native, id=13768, stack(0x00007ff36f2fb000,0x00007ff36f3fc000)]
  0x00007ff3a800e800 JavaThread "ForkJoinPool.commonPool-worker-6" daemon [_thread_blocked, id=13669, stack(0x00007ff3879fc000,0x00007ff387afd000)]
  0x00007ff3b800d000 JavaThread "process reaper" daemon [_thread_blocked, id=13664, stack(0x00007ff384efe000,0x00007ff384f37000)]
  0x00007ff3b006c800 JavaThread "process reaper" daemon [_thread_blocked, id=13661, stack(0x00007ff384fa9000,0x00007ff384fe2000)]
  0x00007ff3bc032800 JavaThread "process reaper" daemon [_thread_blocked, id=13658, stack(0x00007ff384f70000,0x00007ff384fa9000)]
  0x00007ff3b4003000 JavaThread "process reaper" daemon [_thread_blocked, id=13655, stack(0x00007ff384f37000,0x00007ff384f70000)]
  0x00007ff3a801d800 JavaThread "Daemon worker Thread 13" [_thread_blocked, id=13627, stack(0x00007ff36f3fc000,0x00007ff36f4fd000)]
  0x00007ff3b001b000 JavaThread "Daemon Thread 13" [_thread_blocked, id=13624, stack(0x00007ff3ec966000,0x00007ff3eca67000)]
  0x00007ff394003800 JavaThread "pool-23-thread-4" [_thread_blocked, id=11554, stack(0x00007ff36ebf4000,0x00007ff36ecf5000)]
  0x00007ff398033000 JavaThread "pool-23-thread-3" [_thread_blocked, id=11366, stack(0x00007ff387afd000,0x00007ff387bfe000)]
  0x00007ff388005800 JavaThread "pool-23-thread-2" [_thread_blocked, id=11300, stack(0x00007ff36f4fd000,0x00007ff36f5fe000)]
  0x00007ff3a5624000 JavaThread "pool-23-thread-1" [_thread_blocked, id=11231, stack(0x00007ff3847f7000,0x00007ff3848f8000)]
  0x00007ff3a4667000 JavaThread "Memory manager" [_thread_blocked, id=2446, stack(0x00007ff386f1f000,0x00007ff387020000)]
  0x00007ff3a40fc800 JavaThread "File lock request listener" [_thread_in_native, id=2353, stack(0x00007ff3ec05f000,0x00007ff3ec160000)]
  0x00007ff3a40f9800 JavaThread "Cache worker for file hash cache (/home/momo/.gradle/caches/4.1/fileHashes)" [_thread_blocked, id=2352, stack(0x00007ff3ec160000,0x00007ff3ec261000)]
  0x00007ff408cfa800 JavaThread "Daemon periodic checks" [_thread_blocked, id=2340, stack(0x00007ff3eca67000,0x00007ff3ecb68000)]
  0x00007ff408ceb800 JavaThread "Incoming local TCP Connector on port 36659" [_thread_in_native, id=2339, stack(0x00007ff3ecb6f000,0x00007ff3ecc70000)]
  0x00007ff4080c8000 JavaThread "Service Thread" daemon [_thread_blocked, id=2325, stack(0x00007ff3ee31c000,0x00007ff3ee41d000)]
  0x00007ff4080bd000 JavaThread "C1 CompilerThread2" daemon [_thread_blocked, id=2324, stack(0x00007ff3ee41d000,0x00007ff3ee51e000)]
  0x00007ff4080bb800 JavaThread "C2 CompilerThread1" daemon [_thread_blocked, id=2323, stack(0x00007ff3ee51e000,0x00007ff3ee61f000)]
  0x00007ff4080b8800 JavaThread "C2 CompilerThread0" daemon [_thread_blocked, id=2322, stack(0x00007ff3ee61f000,0x00007ff3ee720000)]
  0x00007ff4080b7000 JavaThread "Signal Dispatcher" daemon [_thread_blocked, id=2321, stack(0x00007ff3ee720000,0x00007ff3ee821000)]
  0x00007ff408084800 JavaThread "Finalizer" daemon [_thread_blocked, id=2320, stack(0x00007ff3eeb70000,0x00007ff3eec71000)]
  0x00007ff408080000 JavaThread "Reference Handler" daemon [_thread_blocked, id=2319, stack(0x00007ff3eec71000,0x00007ff3eed72000)]
  0x00007ff40800a800 JavaThread "main" [_thread_blocked, id=2309, stack(0x00007ff40e5f1000,0x00007ff40e6f2000)]

Other Threads:
=>0x00007ff408078000 VMThread [stack: 0x00007ff3eed72000,0x00007ff3eee73000] [id=2317]
  0x00007ff4080ca800 WatcherThread [stack: 0x00007ff3ee21b000,0x00007ff3ee31c000] [id=2326]

VM state:at safepoint (normal execution)

VM Mutex/Monitor currently owned by a thread:  ([mutex/lock_event])
[0x00007ff408006fd0] Threads_lock - owner thread: 0x00007ff408078000
[0x00007ff4080074d0] Heap_lock - owner thread: 0x00007ff3a800e800

Heap:
 PSYoungGen      total 285696K, used 16592K [0x00000000e0000000, 0x00000000f3b00000, 0x0000000100000000)
  eden space 250368K, 0% used [0x00000000e0000000,0x00000000e0000000,0x00000000ef480000)
  from space 35328K, 46% used [0x00000000ef480000,0x00000000f04b4270,0x00000000f1700000)
  to   space 32768K, 0% used [0x00000000f1700000,0x00000000f1700000,0x00000000f3700000)
 ParOldGen       total 151040K, used 66474K [0x00000000a0000000, 0x00000000a9380000, 0x00000000e0000000)
  object space 151040K, 44% used [0x00000000a0000000,0x00000000a40eaab8,0x00000000a9380000)
 Metaspace       used 79835K, capacity 86704K, committed 86872K, reserved 1124352K
  class space    used 10080K, capacity 11528K, committed 11648K, reserved 1048576K

Card table byte_map: [0x00007ff3f80ed000,0x00007ff3f83ee000] byte_map_base: 0x00007ff3f7bed000

Marking Bits: (ParMarkBitMap*) 0x00007ff40daf03e0
 Begin Bits: [0x00007ff3f4ae9000, 0x00007ff3f62e9000)
 End Bits:   [0x00007ff3f62e9000, 0x00007ff3f7ae9000)

Polling page: 0x00007ff40e715000

CodeCache: size=245760Kb used=57337Kb max_used=57347Kb free=188422Kb
 bounds [0x00007ff3f87ae000, 0x00007ff3fc01e000, 0x00007ff4077ae000]
 total_blobs=18194 nmethods=17356 adapters=749
 compilation: enabled

Compilation events (10 events):
Event: 8934.352 Thread 0x00007ff4080bd000 22737       3       com.android.dex.Dex::appendSection (80 bytes)
Event: 8934.359 Thread 0x00007ff4080bd000 nmethod 22737 0x00007ff3fbfc7350 code [0x00007ff3fbfc7520, 0x00007ff3fbfc7d08]
Event: 8934.362 Thread 0x00007ff4080b8800 nmethod 22736 0x00007ff3f939f750 code [0x00007ff3f939f8e0, 0x00007ff3f939fb78]
Event: 8934.362 Thread 0x00007ff4080b8800 22729 %     4       com.google.common.collect.Iterators::size @ 2 (30 bytes)
Event: 8934.378 Thread 0x00007ff4080bd000 22738       3       java.util.concurrent.ForkJoinPool::signalWork (187 bytes)
Event: 8934.380 Thread 0x00007ff4080b8800 nmethod 22729% 0x00007ff3f8bf9cd0 code [0x00007ff3f8bf9e80, 0x00007ff3f8bfa398]
Event: 8934.382 Thread 0x00007ff4080b8800 22741       4       java.util.ComparableTimSort::countRunAndMakeAscending (123 bytes)
Event: 8934.383 Thread 0x00007ff4080bd000 nmethod 22738 0x00007ff3fbffd550 code [0x00007ff3fbffd700, 0x00007ff3fbffddd8]
Event: 8934.394 Thread 0x00007ff4080bd000 22742       3       com.android.ide.common.process.BaseProcessOutputHandler$BaseProcessOutput::getStandardOutput (5 bytes)
Event: 8934.394 Thread 0x00007ff4080bd000 nmethod 22742 0x00007ff3f92b2150 code [0x00007ff3f92b22c0, 0x00007ff3f92b24b0]

GC Heap History (10 events):
Event: 8912.062 GC heap after
Heap after GC invocations=29 (full 3):
 PSYoungGen      total 198656K, used 16908K [0x00000000e0000000, 0x00000000ef380000, 0x0000000100000000)
  eden space 163328K, 0% used [0x00000000e0000000,0x00000000e0000000,0x00000000e9f80000)
  from space 35328K, 47% used [0x00000000ec080000,0x00000000ed1030b8,0x00000000ee300000)
  to   space 33792K, 0% used [0x00000000e9f80000,0x00000000e9f80000,0x00000000ec080000)
 ParOldGen       total 151040K, used 58361K [0x00000000a0000000, 0x00000000a9380000, 0x00000000e0000000)
  object space 151040K, 38% used [0x00000000a0000000,0x00000000a38fe7d8,0x00000000a9380000)
 Metaspace       used 78573K, capacity 83948K, committed 84056K, reserved 1122304K
  class space    used 9862K, capacity 11079K, committed 11136K, reserved 1048576K
}
Event: 8912.104 GC heap before
{Heap before GC invocations=30 (full 3):
 PSYoungGen      total 198656K, used 179519K [0x00000000e0000000, 0x00000000ef380000, 0x0000000100000000)
  eden space 163328K, 99% used [0x00000000e0000000,0x00000000e9eccc08,0x00000000e9f80000)
  from space 35328K, 47% used [0x00000000ec080000,0x00000000ed1030b8,0x00000000ee300000)
  to   space 33792K, 0% used [0x00000000e9f80000,0x00000000e9f80000,0x00000000ec080000)
 ParOldGen       total 151040K, used 58361K [0x00000000a0000000, 0x00000000a9380000, 0x00000000e0000000)
  object space 151040K, 38% used [0x00000000a0000000,0x00000000a38fe7d8,0x00000000a9380000)
 Metaspace       used 78578K, capacity 83948K, committed 84056K, reserved 1122304K
  class space    used 9862K, capacity 11079K, committed 11136K, reserved 1048576K
Event: 8912.139 GC heap after
Heap after GC invocations=30 (full 3):
 PSYoungGen      total 197120K, used 11548K [0x00000000e0000000, 0x00000000f0b80000, 0x0000000100000000)
  eden space 163328K, 0% used [0x00000000e0000000,0x00000000e0000000,0x00000000e9f80000)
  from space 33792K, 34% used [0x00000000e9f80000,0x00000000eaac70e8,0x00000000ec080000)
  to   space 33792K, 0% used [0x00000000eea80000,0x00000000eea80000,0x00000000f0b80000)
 ParOldGen       total 151040K, used 63562K [0x00000000a0000000, 0x00000000a9380000, 0x00000000e0000000)
  object space 151040K, 42% used [0x00000000a0000000,0x00000000a3e12a18,0x00000000a9380000)
 Metaspace       used 78578K, capacity 83948K, committed 84056K, reserved 1122304K
  class space    used 9862K, capacity 11079K, committed 11136K, reserved 1048576K
}
Event: 8929.570 GC heap before
{Heap before GC invocations=31 (full 3):
 PSYoungGen      total 197120K, used 174876K [0x00000000e0000000, 0x00000000f0b80000, 0x0000000100000000)
  eden space 163328K, 100% used [0x00000000e0000000,0x00000000e9f80000,0x00000000e9f80000)
  from space 33792K, 34% used [0x00000000e9f80000,0x00000000eaac70e8,0x00000000ec080000)
  to   space 33792K, 0% used [0x00000000eea80000,0x00000000eea80000,0x00000000f0b80000)
 ParOldGen       total 151040K, used 63562K [0x00000000a0000000, 0x00000000a9380000, 0x00000000e0000000)
  object space 151040K, 42% used [0x00000000a0000000,0x00000000a3e12a18,0x00000000a9380000)
 Metaspace       used 79562K, capacity 86302K, committed 86488K, reserved 1124352K
  class space    used 10074K, capacity 11490K, committed 11520K, reserved 1048576K
Event: 8929.592 GC heap after
Heap after GC invocations=31 (full 3):
 PSYoungGen      total 236032K, used 7936K [0x00000000e0000000, 0x00000000f0980000, 0x0000000100000000)
  eden space 204288K, 0% used [0x00000000e0000000,0x00000000e0000000,0x00000000ec780000)
  from space 31744K, 25% used [0x00000000eea80000,0x00000000ef2400f0,0x00000000f0980000)
  to   space 33792K, 0% used [0x00000000ec780000,0x00000000ec780000,0x00000000ee880000)
 ParOldGen       total 151040K, used 64349K [0x00000000a0000000, 0x00000000a9380000, 0x00000000e0000000)
  object space 151040K, 42% used [0x00000000a0000000,0x00000000a3ed7468,0x00000000a9380000)
 Metaspace       used 79562K, capacity 86302K, committed 86488K, reserved 1124352K
  class space    used 10074K, capacity 11490K, committed 11520K, reserved 1048576K
}
Event: 8931.792 GC heap before
{Heap before GC invocations=32 (full 3):
 PSYoungGen      total 236032K, used 212224K [0x00000000e0000000, 0x00000000f0980000, 0x0000000100000000)
  eden space 204288K, 100% used [0x00000000e0000000,0x00000000ec780000,0x00000000ec780000)
  from space 31744K, 25% used [0x00000000eea80000,0x00000000ef2400f0,0x00000000f0980000)
  to   space 33792K, 0% used [0x00000000ec780000,0x00000000ec780000,0x00000000ee880000)
 ParOldGen       total 151040K, used 64349K [0x00000000a0000000, 0x00000000a9380000, 0x00000000e0000000)
  object space 151040K, 42% used [0x00000000a0000000,0x00000000a3ed7468,0x00000000a9380000)
 Metaspace       used 79732K, capacity 86632K, committed 86872K, reserved 1124352K
  class space    used 10079K, capacity 11526K, committed 11648K, reserved 1048576K
Event: 8931.822 GC heap after
Heap after GC invocations=32 (full 3):
 PSYoungGen      total 238080K, used 12154K [0x00000000e0000000, 0x00000000f3700000, 0x0000000100000000)
  eden space 204288K, 0% used [0x00000000e0000000,0x00000000e0000000,0x00000000ec780000)
  from space 33792K, 35% used [0x00000000ec780000,0x00000000ed35eb20,0x00000000ee880000)
  to   space 32768K, 0% used [0x00000000f1700000,0x00000000f1700000,0x00000000f3700000)
 ParOldGen       total 151040K, used 65138K [0x00000000a0000000, 0x00000000a9380000, 0x00000000e0000000)
  object space 151040K, 43% used [0x00000000a0000000,0x00000000a3f9c8e8,0x00000000a9380000)
 Metaspace       used 79732K, capacity 86632K, committed 86872K, reserved 1124352K
  class space    used 10079K, capacity 11526K, committed 11648K, reserved 1048576K
}
Event: 8932.714 GC heap before
{Heap before GC invocations=33 (full 3):
 PSYoungGen      total 238080K, used 216442K [0x00000000e0000000, 0x00000000f3700000, 0x0000000100000000)
  eden space 204288K, 100% used [0x00000000e0000000,0x00000000ec780000,0x00000000ec780000)
  from space 33792K, 35% used [0x00000000ec780000,0x00000000ed35eb20,0x00000000ee880000)
  to   space 32768K, 0% used [0x00000000f1700000,0x00000000f1700000,0x00000000f3700000)
 ParOldGen       total 151040K, used 65138K [0x00000000a0000000, 0x00000000a9380000, 0x00000000e0000000)
  object space 151040K, 43% used [0x00000000a0000000,0x00000000a3f9c8e8,0x00000000a9380000)
 Metaspace       used 79813K, capacity 86700K, committed 86872K, reserved 1124352K
  class space    used 10079K, capacity 11526K, committed 11648K, reserved 1048576K
Event: 8932.788 GC heap after
Heap after GC invocations=33 (full 3):
 PSYoungGen      total 283136K, used 27032K [0x00000000e0000000, 0x00000000f3b00000, 0x0000000100000000)
  eden space 250368K, 0% used [0x00000000e0000000,0x00000000e0000000,0x00000000ef480000)
  from space 32768K, 82% used [0x00000000f1700000,0x00000000f31662f0,0x00000000f3700000)
  to   space 35328K, 0% used [0x00000000ef480000,0x00000000ef480000,0x00000000f1700000)
 ParOldGen       total 151040K, used 65684K [0x00000000a0000000, 0x00000000a9380000, 0x00000000e0000000)
  object space 151040K, 43% used [0x00000000a0000000,0x00000000a4025048,0x00000000a9380000)
 Metaspace       used 79813K, capacity 86700K, committed 86872K, reserved 1124352K
  class space    used 10079K, capacity 11526K, committed 11648K, reserved 1048576K
}
Event: 8934.395 GC heap before
{Heap before GC invocations=34 (full 3):
 PSYoungGen      total 283136K, used 277384K [0x00000000e0000000, 0x00000000f3b00000, 0x0000000100000000)
  eden space 250368K, 99% used [0x00000000e0000000,0x00000000ef47be78,0x00000000ef480000)
  from space 32768K, 82% used [0x00000000f1700000,0x00000000f31662f0,0x00000000f3700000)
  to   space 35328K, 0% used [0x00000000ef480000,0x00000000ef480000,0x00000000f1700000)
 ParOldGen       total 151040K, used 65684K [0x00000000a0000000, 0x00000000a9380000, 0x00000000e0000000)
  object space 151040K, 43% used [0x00000000a0000000,0x00000000a4025048,0x00000000a9380000)
 Metaspace       used 79835K, capacity 86704K, committed 86872K, reserved 1124352K
  class space    used 10080K, capacity 11528K, committed 11648K, reserved 1048576K

Deoptimization events (10 events):
Event: 8931.120 Thread 0x00007ff39c023800 Uncommon trap: reason=class_check action=maybe_recompile pc=0x00007ff3fac78318 method=com.android.dx.rop.code.DexTranslationAdvice.hasConstantOperation(Lcom/android/dx/rop/code/Rop;Lcom/android/dx/rop/code/RegisterSpec;Lcom/android/dx/rop/code/RegisterSpe
Event: 8931.120 Thread 0x00007ff39c023800 Uncommon trap: reason=class_check action=maybe_recompile pc=0x00007ff3fac78318 method=com.android.dx.rop.code.DexTranslationAdvice.hasConstantOperation(Lcom/android/dx/rop/code/Rop;Lcom/android/dx/rop/code/RegisterSpec;Lcom/android/dx/rop/code/RegisterSpe
Event: 8931.392 Thread 0x00007ff370062800 Uncommon trap: reason=bimorphic action=maybe_recompile pc=0x00007ff3fbceb330 method=com.android.dx.cf.code.BytecodeArray.parseInstruction(ILcom/android/dx/cf/code/BytecodeArray$Visitor;)I @ 2281
Event: 8931.392 Thread 0x00007ff370062800 Uncommon trap: reason=bimorphic action=maybe_recompile pc=0x00007ff3fbceb330 method=com.android.dx.cf.code.BytecodeArray.parseInstruction(ILcom/android/dx/cf/code/BytecodeArray$Visitor;)I @ 2281
Event: 8931.435 Thread 0x00007ff39c023800 Uncommon trap: reason=speculate_class_check action=maybe_recompile pc=0x00007ff3fb96e448 method=java.nio.charset.CharsetDecoder.reset()Ljava/nio/charset/CharsetDecoder; @ 1
Event: 8931.435 Thread 0x00007ff39c023800 Uncommon trap: reason=speculate_class_check action=maybe_recompile pc=0x00007ff3fb96e448 method=java.nio.charset.CharsetDecoder.reset()Ljava/nio/charset/CharsetDecoder; @ 1
Event: 8931.436 Thread 0x00007ff39c023800 Uncommon trap: reason=speculate_class_check action=maybe_recompile pc=0x00007ff3fb94fe58 method=java.nio.charset.CharsetDecoder.reset()Ljava/nio/charset/CharsetDecoder; @ 1
Event: 8931.436 Thread 0x00007ff39c023800 Uncommon trap: reason=speculate_class_check action=maybe_recompile pc=0x00007ff3fb94fe58 method=java.nio.charset.CharsetDecoder.reset()Ljava/nio/charset/CharsetDecoder; @ 1
Event: 8931.778 Thread 0x00007ff39c023800 Uncommon trap: reason=unstable_if action=reinterpret pc=0x00007ff3faa4f21c method=com.android.dx.dex.code.LocalList$MakeState.filterSpec(Lcom/android/dx/rop/code/RegisterSpec;)Lcom/android/dx/rop/code/RegisterSpec; @ 11
Event: 8931.778 Thread 0x00007ff39c023800 Uncommon trap: reason=unstable_if action=reinterpret pc=0x00007ff3fa93857c method=com.android.dx.dex.code.LocalList$MakeState.filterSpec(Lcom/android/dx/rop/code/RegisterSpec;)Lcom/android/dx/rop/code/RegisterSpec; @ 11

Classes redefined (0 events):
No events

Internal exceptions (10 events):
Event: 8932.531 Thread 0x00007ff39c029800 Exception <a 'sun/nio/fs/UnixException'> (0x00000000e99f0948) thrown at [/ssd/Android/AOSP-openjdk-git/jdk8u/hotspot/src/share/vm/prims/jni.cpp, line 709]
Event: 8932.550 Thread 0x00007ff39c029800 Exception <a 'sun/nio/fs/UnixException'> (0x00000000e9e04950) thrown at [/ssd/Android/AOSP-openjdk-git/jdk8u/hotspot/src/share/vm/prims/jni.cpp, line 709]
Event: 8932.566 Thread 0x00007ff39c029800 Exception <a 'sun/nio/fs/UnixException'> (0x00000000e9fa6140) thrown at [/ssd/Android/AOSP-openjdk-git/jdk8u/hotspot/src/share/vm/prims/jni.cpp, line 709]
Event: 8932.579 Thread 0x00007ff39c029800 Exception <a 'sun/nio/fs/UnixException'> (0x00000000ea1122a0) thrown at [/ssd/Android/AOSP-openjdk-git/jdk8u/hotspot/src/share/vm/prims/jni.cpp, line 709]
Event: 8932.885 Thread 0x00007ff370062800 Exception <a 'sun/nio/fs/UnixException'> (0x00000000e05d17c0) thrown at [/ssd/Android/AOSP-openjdk-git/jdk8u/hotspot/src/share/vm/prims/jni.cpp, line 709]
Event: 8932.896 Thread 0x00007ff370062800 Exception <a 'sun/nio/fs/UnixException'> (0x00000000e0a92a40) thrown at [/ssd/Android/AOSP-openjdk-git/jdk8u/hotspot/src/share/vm/prims/jni.cpp, line 709]
Event: 8932.900 Thread 0x00007ff39c029800 Exception <a 'sun/nio/fs/UnixException'> (0x00000000e09c3560) thrown at [/ssd/Android/AOSP-openjdk-git/jdk8u/hotspot/src/share/vm/prims/jni.cpp, line 709]
Event: 8932.902 Thread 0x00007ff370062800 Exception <a 'sun/nio/fs/UnixException'> (0x00000000e0b6e2c8) thrown at [/ssd/Android/AOSP-openjdk-git/jdk8u/hotspot/src/share/vm/prims/jni.cpp, line 709]
Event: 8932.915 Thread 0x00007ff39c029800 Exception <a 'sun/nio/fs/UnixException'> (0x00000000e0da7470) thrown at [/ssd/Android/AOSP-openjdk-git/jdk8u/hotspot/src/share/vm/prims/jni.cpp, line 709]
Event: 8933.945 Thread 0x00007ff3a4667000 Exception <a 'java/io/IOException'> (0x00000000ee079a40) thrown at [/ssd/Android/AOSP-openjdk-git/jdk8u/hotspot/src/share/vm/prims/jni.cpp, line 709]

Events (10 events):
Event: 8934.250 Thread 0x00007ff4080b8800 flushing nmethod 0x00007ff3f939f750
Event: 8934.251 Thread 0x00007ff4080b8800 flushing nmethod 0x00007ff3f93dbd90
Event: 8934.251 Thread 0x00007ff4080b8800 flushing nmethod 0x00007ff3f945e8d0
Event: 8934.273 Thread 0x00007ff4080bb800 flushing nmethod 0x00007ff3f975c210
Event: 8934.311 Thread 0x00007ff3f007f000 Thread added: 0x00007ff3f007f000
Event: 8934.332 Thread 0x00007ff4080bd000 flushing nmethod 0x00007ff3fa541410
Event: 8934.376 Executing VM operation: RevokeBias
Event: 8934.377 Executing VM operation: RevokeBias done
Event: 8934.393 Thread 0x00007ff3e0050000 Thread added: 0x00007ff3e0050000
Event: 8934.395 Executing VM operation: ParallelGCFailedAllocation


Dynamic libraries:
00400000-00401000 r-xp 00000000 103:06 2634276                           /opt/android-studio/jre/bin/java
00600000-00601000 r--p 00000000 103:06 2634276                           /opt/android-studio/jre/bin/java
00601000-00602000 rw-p 00001000 103:06 2634276                           /opt/android-studio/jre/bin/java
0224e000-02295000 rw-p 00000000 00:00 0                                  [heap]
a0000000-a9380000 rw-p 00000000 00:00 0 
a9380000-e0000000 ---p 00000000 00:00 0 
e0000000-f3b00000 rw-p 00000000 00:00 0 
f6c80000-100000000 ---p 00000000 00:00 0 
100000000-100b60000 rw-p 00000000 00:00 0 
100b60000-140000000 ---p 00000000 00:00 0 
7ff36e6f3000-7ff36e873000 rw-p 00000000 00:00 0 
7ff36e873000-7ff36e8f3000 ---p 00000000 00:00 0 
7ff36e8f3000-7ff36eaf3000 rw-p 00000000 00:00 0 
7ff36eaf3000-7ff36eaf6000 ---p 00000000 00:00 0 
7ff36eaf6000-7ff36ebf4000 rw-p 00000000 00:00 0 
7ff36ebf4000-7ff36ebf7000 ---p 00000000 00:00 0 
7ff36ebf7000-7ff36ecf5000 rw-p 00000000 00:00 0 
7ff36ecf5000-7ff36ecf8000 ---p 00000000 00:00 0 
7ff36ecf8000-7ff36edf6000 rw-p 00000000 00:00 0 
7ff36edf6000-7ff36edf9000 ---p 00000000 00:00 0 
7ff36edf9000-7ff36eef7000 rw-p 00000000 00:00 0 
7ff36eefb000-7ff36f0fb000 rw-p 00000000 00:00 0 
7ff36f0fb000-7ff36f2fb000 rw-p 00000000 00:00 0 
7ff36f2fb000-7ff36f2fe000 ---p 00000000 00:00 0 
7ff36f2fe000-7ff36f3fc000 rw-p 00000000 00:00 0 
7ff36f3fc000-7ff36f3ff000 ---p 00000000 00:00 0 
7ff36f3ff000-7ff36f4fd000 rw-p 00000000 00:00 0 
7ff36f4fd000-7ff36f500000 ---p 00000000 00:00 0 
7ff36f500000-7ff36f5fe000 rw-p 00000000 00:00 0 
7ff36f5fe000-7ff36f601000 ---p 00000000 00:00 0 
7ff36f601000-7ff36f6ff000 rw-p 00000000 00:00 0 
7ff36f6ff000-7ff36f702000 ---p 00000000 00:00 0 
7ff36f702000-7ff36fa00000 rw-p 00000000 00:00 0 
7ff36fa00000-7ff36fc00000 rw-p 00000000 00:00 0 
7ff36fc00000-7ff36fe00000 rw-p 00000000 00:00 0 
7ff36fe00000-7ff370000000 rw-p 00000000 00:00 0 
7ff370000000-7ff37028a000 rw-p 00000000 00:00 0 
7ff37028a000-7ff374000000 ---p 00000000 00:00 0 
7ff374000000-7ff374263000 rw-p 00000000 00:00 0 
7ff374263000-7ff378000000 ---p 00000000 00:00 0 
7ff378000000-7ff3788f3000 rw-p 00000000 00:00 0 
7ff3788f3000-7ff37c000000 ---p 00000000 00:00 0 
7ff37c000000-7ff37c1c2000 rw-p 00000000 00:00 0 
7ff37c1c2000-7ff380000000 ---p 00000000 00:00 0 
7ff380000000-7ff3802e2000 rw-p 00000000 00:00 0 
7ff3802e2000-7ff384000000 ---p 00000000 00:00 0 
7ff3840f3000-7ff3840f4000 r--s 00008000 103:06 2269011                   /home/momo/AndroidStudioProjects/client/app/build/intermediates/transforms/dexBuilder/debug/82.jar
7ff3840f4000-7ff3840f7000 ---p 00000000 00:00 0 
7ff3840f7000-7ff3843f5000 rw-p 00000000 00:00 0 
7ff3843f5000-7ff3845f5000 rw-p 00000000 00:00 0 
7ff3845f5000-7ff3845f8000 ---p 00000000 00:00 0 
7ff3845f8000-7ff3846f6000 rw-p 00000000 00:00 0 
7ff3846f6000-7ff3846f9000 ---p 00000000 00:00 0 
7ff3846f9000-7ff3847f7000 rw-p 00000000 00:00 0 
7ff3847f7000-7ff3847fa000 ---p 00000000 00:00 0 
7ff3847fa000-7ff3848f8000 rw-p 00000000 00:00 0 
7ff3848f8000-7ff3848fb000 ---p 00000000 00:00 0 
7ff3848fb000-7ff3849f9000 rw-p 00000000 00:00 0 
7ff3849f9000-7ff3849fc000 ---p 00000000 00:00 0 
7ff3849fc000-7ff384afa000 rw-p 00000000 00:00 0 
7ff384afa000-7ff384afd000 ---p 00000000 00:00 0 
7ff384afd000-7ff384bfb000 rw-p 00000000 00:00 0 
7ff384bfb000-7ff384bfe000 ---p 00000000 00:00 0 
7ff384bfe000-7ff384cfc000 rw-p 00000000 00:00 0 
7ff384cfc000-7ff384cff000 ---p 00000000 00:00 0 
7ff384cff000-7ff384dfd000 rw-p 00000000 00:00 0 
7ff384dfd000-7ff384e00000 ---p 00000000 00:00 0 
7ff384e00000-7ff384efe000 rw-p 00000000 00:00 0 
7ff384efe000-7ff384f01000 ---p 00000000 00:00 0 
7ff384f01000-7ff384f37000 rw-p 00000000 00:00 0 
7ff384f37000-7ff384f3a000 ---p 00000000 00:00 0 
7ff384f3a000-7ff384f70000 rw-p 00000000 00:00 0 
7ff384f70000-7ff384f73000 ---p 00000000 00:00 0 
7ff384f73000-7ff384fa9000 rw-p 00000000 00:00 0 
7ff384fa9000-7ff384fac000 ---p 00000000 00:00 0 
7ff384fac000-7ff384fe2000 rw-p 00000000 00:00 0 
7ff384fe2000-7ff384fe5000 ---p 00000000 00:00 0 
7ff384fe5000-7ff3850e3000 rw-p 00000000 00:00 0 
7ff3850e3000-7ff3850e6000 ---p 00000000 00:00 0 
7ff3850e6000-7ff3851e4000 rw-p 00000000 00:00 0 
7ff3851e4000-7ff3851e7000 ---p 00000000 00:00 0 
7ff3851e7000-7ff3852e5000 rw-p 00000000 00:00 0 
7ff3852e5000-7ff3852e8000 ---p 00000000 00:00 0 
7ff3852e8000-7ff3855e6000 rw-p 00000000 00:00 0 
7ff3855e6000-7ff3857e6000 rw-p 00000000 00:00 0 
7ff3857e6000-7ff3859e6000 rw-p 00000000 00:00 0 
7ff3859e6000-7ff385a05000 r--s 0053d000 103:06 2371592                   /home/momo/.gradle/caches/jars-3/07dcf2f3f2bda71869cda3f75be96a82/sdk-tools.jar
7ff385a05000-7ff385c05000 rw-p 00000000 00:00 0 
7ff385c05000-7ff385c08000 ---p 00000000 00:00 0 
7ff385c08000-7ff385d06000 rw-p 00000000 00:00 0 
7ff385d06000-7ff385d09000 ---p 00000000 00:00 0 
7ff385d09000-7ff385e07000 rw-p 00000000 00:00 0 
7ff385e07000-7ff385e0a000 ---p 00000000 00:00 0 
7ff385e0a000-7ff385f08000 rw-p 00000000 00:00 0 
7ff385f08000-7ff385f0b000 ---p 00000000 00:00 0 
7ff385f0b000-7ff386009000 rw-p 00000000 00:00 0 
7ff386009000-7ff38600c000 ---p 00000000 00:00 0 
7ff38600c000-7ff38630a000 rw-p 00000000 00:00 0 
7ff38630a000-7ff38650a000 rw-p 00000000 00:00 0 
7ff38650a000-7ff38670a000 rw-p 00000000 00:00 0 
7ff38670a000-7ff38690a000 rw-p 00000000 00:00 0 
7ff38690a000-7ff38691c000 r--s 00345000 103:06 2634432                   /opt/android-studio/jre/jre/lib/resources.jar
7ff38691c000-7ff386b1c000 rw-p 00000000 00:00 0 
7ff386b1c000-7ff386d1c000 rw-p 00000000 00:00 0 
7ff386d1c000-7ff386d1f000 r--s 00015000 103:06 2634418                   /opt/android-studio/jre/jre/lib/jce.jar
7ff386d1f000-7ff386f1f000 rw-p 00000000 00:00 0 
7ff386f1f000-7ff386f22000 ---p 00000000 00:00 0 
7ff386f22000-7ff387020000 rw-p 00000000 00:00 0 
7ff387020000-7ff387042000 r--p 00000000 103:06 1840812                   /usr/share/locale/zh_CN/LC_MESSAGES/libc.mo
7ff387042000-7ff387242000 rw-p 00000000 00:00 0 
7ff387242000-7ff387438000 rw-p 00000000 00:00 0 
7ff387438000-7ff387442000 ---p 00000000 00:00 0 
7ff387442000-7ff38744d000 r--s 00081000 103:06 3413412                   /home/momo/.gradle/caches/jars-3/fc6e889a0f45cc9752787eb60f920103/trove4j-20160824.jar
7ff38744d000-7ff3874d0000 r--s 00758000 103:06 6965667                   /home/momo/.gradle/caches/modules-2/files-2.1/com.android.tools.external.com-intellij/intellij-core/26.0.0/47396aa1fead8512c246fdf4698552c1f33b1710/intellij-core-26.0.0.jar
7ff3874d0000-7ff3874d6000 r--s 00033000 103:06 3413408                   /home/momo/.gradle/caches/jars-3/f96c897d327ea500d64fe3af2833bd50/commons-codec-1.6.jar
7ff3874d6000-7ff3874d8000 r--s 0000d000 103:06 3413406                   /home/momo/.gradle/caches/jars-3/ccc849edcf9fccd61ed937bf93ffe896/commons-logging-1.1.1.jar
7ff3874d8000-7ff3874de000 r--s 00032000 103:06 3413404                   /home/momo/.gradle/caches/jars-3/72e344059d1923829968d0d38b0c3c72/httpcore-4.2.5.jar
7ff3874de000-7ff3874df000 r--s 00004000 103:06 3413402                   /home/momo/.gradle/caches/jars-3/3a4299d1ce3e273e7c03a9ccf5a1e333/annotations-12.0.jar
7ff3874df000-7ff3874e0000 r--s 00000000 103:06 3413400                   /home/momo/.gradle/caches/jars-3/0e2fbc3b8c56d2975eca90c524790c13/animal-sniffer-annotations-1.14.jar
7ff3874e0000-7ff3874e2000 r--s 00001000 103:06 3413398                   /home/momo/.gradle/caches/jars-3/ad41f8f3ac67c0323ce9eb1c20c8dc3f/j2objc-annotations-1.1.jar
7ff3874e2000-7ff3874e3000 r--s 00002000 103:06 3413396                   /home/momo/.gradle/caches/jars-3/9edb0f46b907c34c4718edabde6c791c/error_prone_annotations-2.0.18.jar
7ff3874e3000-7ff3874e6000 r--s 00006000 103:06 3413394                   /home/momo/.gradle/caches/jars-3/b58a9bc3bbba42132e4abc0bacae8da1/jsr305-1.3.9.jar
7ff3874e6000-7ff3874e7000 r--s 0000a000 103:06 3413392                   /home/momo/.gradle/caches/jars-3/5b8b36ed61fe92731031cca3c9b3a0b3/kxml2-2.3.0.jar
7ff3874e7000-7ff3874e9000 r--s 00005000 103:06 3413390                   /home/momo/.gradle/caches/jars-3/f10e1e1978816198f2eb1189c974b440/httpmime-4.1.jar
7ff3874e9000-7ff3874f3000 r--s 00061000 103:06 3413388                   /home/momo/.gradle/caches/jars-3/bc4b2527f35dc983f759e8f85f3f8d52/httpclient-4.2.6.jar
7ff3874f3000-7ff3874fc000 r--s 00064000 103:06 3413386                   /home/momo/.gradle/caches/jars-3/fc37c717528c2a0d27f3e3621835f781/commons-compress-1.12.jar
7ff3874fc000-7ff387501000 r--s 0002e000 103:06 3413384                   /home/momo/.gradle/caches/jars-3/c5bcda7f6f4809e9c92270f99e51f154/gson-2.3.jar
7ff387501000-7ff387511000 r--s 000d6000 103:06 3413382                   /home/momo/.gradle/caches/jars-3/dbdb8caed2514263a34702cc763c6785/proguard-base-5.3.3.jar
7ff387511000-7ff387513000 r--s 00003000 103:06 3413380                   /home/momo/.gradle/caches/jars-3/01ab8600ebbfdcaf9b89b45c2b992e82/annotations-13.0.jar
7ff387513000-7ff387514000 r--s 00001000 103:06 6965666                   /home/momo/.gradle/caches/modules-2/files-2.1/com.android.tools/annotations/26.0.0/fc587b91f1d2390a90d0b02a3e41a0bed140e9c1/annotations-26.0.0.jar
7ff387514000-7ff387517000 r--s 00033000 103:06 3413376                   /home/momo/.gradle/caches/jars-3/0ce03714647bf7bd3c78634c20ddbf38/juniversalchardet-1.0.3.jar
7ff387517000-7ff38751b000 r--s 0002a000 103:06 3413374                   /home/momo/.gradle/caches/jars-3/9849af6d4b0409ba64061601342f385d/commons-io-2.4.jar
7ff38751b000-7ff387532000 r--s 00154000 103:06 3413372                   /home/momo/.gradle/caches/jars-3/57adf9abd30c921d4ea1dfdcfe7b9efd/antlr4-4.5.3.jar
7ff387532000-7ff387533000 r--s 00003000 103:06 6965665                   /home/momo/.gradle/caches/modules-2/files-2.1/com.android.databinding/baseLibrary/3.0.0/223fbb31236b0714328c415c1475fc8f55a4416e/baseLibrary-3.0.0.jar
7ff387533000-7ff387563000 r--s 00245000 103:06 3413368                   /home/momo/.gradle/caches/jars-3/8e27cdebb49ba2f804f9403d90aaaac5/guava-22.0.jar
7ff387563000-7ff38756b000 r--s 000a8000 103:06 3413366                   /home/momo/.gradle/caches/jars-3/6cc57ce9ec0d90186f781694264d61bc/lombok-ast-0.2.3.jar
7ff38756b000-7ff38756f000 r--s 0002f000 103:06 3413364                   /home/momo/.gradle/caches/jars-3/505fcc8c47da308b2f1262f0ff3c65f1/jimfs-1.1.jar
7ff38756f000-7ff387582000 r--s 00241000 103:06 3413362                   /home/momo/.gradle/caches/jars-3/d8dc71eb6d91c966c45f7b594129e14a/ecj-4.6.1.jar
7ff387582000-7ff387583000 r--s 00003000 103:06 3413360                   /home/momo/.gradle/caches/jars-3/fdb8f5ebd6a086c4818336712b830716/json-simple-1.1.jar
7ff387583000-7ff3876a8000 r--s 00f5d000 103:06 3413358                   /home/momo/.gradle/caches/jars-3/dfd566a90e18a0aa75879c33e0731ab8/fastutil-7.2.0.jar
7ff3876a8000-7ff3876f3000 r--s 002ff000 103:06 3413356                   /home/momo/.gradle/caches/jars-3/d3d44e9a7fcb4a86fb40775c385dd3d0/bcprov-jdk15on-1.56.jar
7ff3876f3000-7ff387704000 r--s 00097000 103:06 3413354                   /home/momo/.gradle/caches/jars-3/59ebb77d99c5ca0e24bb23272e0329dd/bcpkix-jdk15on-1.56.jar
7ff387704000-7ff387706000 r--s 00002000 103:06 3413352                   /home/momo/.gradle/caches/jars-3/f268e5e8fc83bb846ac355d6a16b1f30/javawriter-2.5.0.jar
7ff387706000-7ff38770b000 r--s 0003b000 103:06 6965664                   /home/momo/.gradle/caches/modules-2/files-2.1/com.android.tools.build/apksig/3.0.0/21465a36db10551cfcfd8ad39bb496511f78354c/apksig-3.0.0.jar
7ff38770b000-7ff38770e000 r--s 00024000 103:06 6965663                   /home/momo/.gradle/caches/modules-2/files-2.1/com.android.tools/common/26.0.0/a75e1cbf30e55dd23f73801c32cd565b6eb5fb3f/common-26.0.0.jar
7ff38770e000-7ff387710000 r--s 00006000 103:06 6965662                   /home/momo/.gradle/caches/modules-2/files-2.1/com.android.tools/dvlib/26.0.0/50d8b18ccc5233c4e7ca4c98f9708d44f80ace82/dvlib-26.0.0.jar
7ff387710000-7ff387713000 r--s 00014000 103:06 6965661                   /home/momo/.gradle/caches/modules-2/files-2.1/com.android.tools.layoutlib/layoutlib-api/26.0.0/2e64aac3c6a6f201df4b7e1c0bd452d8839fb47b/layoutlib-api-26.0.0.jar
7ff387713000-7ff387718000 r--s 0004d000 103:06 6965660                   /home/momo/.gradle/caches/modules-2/files-2.1/com.android.tools.ddms/ddmlib/26.0.0/79daeff3eab3fc4ff963f5717392f1f2476ed788/ddmlib-26.0.0.jar
7ff387718000-7ff387719000 r--s 00003000 103:06 6965659                   /home/momo/.gradle/caches/modules-2/files-2.1/com.android.tools.build/builder-test-api/3.0.0/9bb354af21d8754ecc9c1c07f80bd85e3a76695f/builder-test-api-3.0.0.jar
7ff387719000-7ff38771c000 r--s 00007000 103:06 6965658                   /home/momo/.gradle/caches/modules-2/files-2.1/com.android.tools.build/builder-model/3.0.0/a86b254415fded5297e1d849fa1884dfdf62ff42/builder-model-3.0.0.jar
7ff38771c000-7ff38772b000 r--s 00130000 103:06 3413336                   /home/momo/.gradle/caches/jars-3/72ba1443c6adcea1f6ba21e12f0bb0fc/protobuf-java-3.0.0.jar
7ff38772b000-7ff38773e000 r--s 001a8000 103:06 6965657                   /home/momo/.gradle/caches/modules-2/files-2.1/com.android.tools.analytics-library/protos/26.0.0/9700759196d267fc7cf3c85806c157050ea37dc9/protos-26.0.0.jar
7ff38773e000-7ff38773f000 r--s 00005000 103:06 6965656                   /home/momo/.gradle/caches/modules-2/files-2.1/com.android.tools.analytics-library/shared/26.0.0/bf1943bf2ff33b50f8f18e25353cd82d70ab24ba/shared-26.0.0.jar
7ff38773f000-7ff387741000 r--s 00004000 103:06 6965655                   /home/momo/.gradle/caches/modules-2/files-2.1/com.android.tools.analytics-library/tracker/26.0.0/f75df0e15d6db4ed1ba42e9d22bde29868db3f0f/tracker-26.0.0.jar
7ff387741000-7ff387743000 r--s 00002000 103:06 3413328                   /home/momo/.gradle/caches/jars-3/e91624d2ed1c3b55eec9fd768ed13c1d/proguard-gradle-5.3.3.jar
7ff387743000-7ff387745000 r--s 0000f000 103:06 3413326                   /home/momo/.gradle/caches/jars-3/96760c32d36a5d7066e3ccf088bfd362/jopt-simple-4.9.jar
7ff387745000-7ff387749000 r--s 0001e000 103:06 3413324                   /home/momo/.gradle/caches/jars-3/0d3e95aba631209a078aeec58a76633d/org.jacoco.core-0.7.4.201502262128.jar
7ff387749000-7ff38774c000 r--s 00020000 103:06 3413322                   /home/momo/.gradle/caches/jars-3/c72fc284d34f39eab57a4e3ba83405e9/org.jacoco.report-0.7.4.201502262128.jar
7ff38774c000-7ff38774e000 r--s 0000c000 103:06 3413320                   /home/momo/.gradle/caches/jars-3/9b0a36633c92c6e87e62c81734593183/asm-5.1.jar
7ff38774e000-7ff387750000 r--s 00006000 103:06 3413318                   /home/momo/.gradle/caches/jars-3/50c8a7da333c41693b2b7ce95b6d9d89/asm-tree-5.1.jar
7ff387750000-7ff387751000 r--s 0000a000 103:06 3413316                   /home/momo/.gradle/caches/jars-3/c4f1f1d5a624f981d35a78d181e2c418/asm-util-5.1.jar
7ff387751000-7ff387753000 r--s 0000a000 103:06 3413314                   /home/momo/.gradle/caches/jars-3/d37aa405961c464c627b1efe5def81b8/asm-commons-5.1.jar
7ff387753000-7ff387754000 r--s 00004000 103:06 3413312                   /home/momo/.gradle/caches/jars-3/2b2689d10a4425b1cb2d0654db2ea088/asm-analysis-5.1.jar
7ff387754000-7ff387755000 r--s 00000000 103:06 3413310                   /home/momo/.gradle/caches/jars-3/5206138fb8a6b2ffbd31e140916c2100/transform-api-2.0.0-deprecated-use-gradle-api.jar
7ff387755000-7ff387764000 r--s 000c8000 103:06 3413308                   /home/momo/.gradle/caches/jars-3/af931fae44e009148423077fa09abbd1/kotlin-stdlib-1.1.3-2.jar
7ff387764000-7ff387796000 r--s 0021b000 103:06 3413306                   /home/momo/.gradle/caches/jars-3/24b2127528a18b338af82ff7ea236d45/kotlin-reflect-1.1.3-2.jar
7ff387796000-7ff38779c000 r--s 00030000 103:06 6965654                   /home/momo/.gradle/caches/modules-2/files-2.1/com.android.tools/repository/26.0.0/7ad3d113c50642163badf3b8d890c6b41b1c6238/repository-26.0.0.jar
7ff38779c000-7ff3877a7000 r--s 0009b000 103:06 6965653                   /home/momo/.gradle/caches/modules-2/files-2.1/com.android.tools/sdklib/26.0.0/5bc6118beed3c516fba2057e5feea3af932c1e22/sdklib-26.0.0.jar
7ff3877a7000-7ff3877b6000 r--s 000da000 103:06 6965652                   /home/momo/.gradle/caches/modules-2/files-2.1/com.android.tools/sdk-common/26.0.0/3cf21b0652068a57852663610e8c7f0a044dc700/sdk-common-26.0.0.jar
7ff3877b6000-7ff3877c5000 r--s 000cb000 103:06 6965648                   /home/momo/.gradle/caches/modules-2/files-2.1/com.android.tools.external.org-jetbrains/uast/26.0.0/86234f897e27e97c4aebe5686fa0e21139a1fc4e/uast-26.0.0.jar
7ff3877c5000-7ff3877cc000 r--s 0007f000 103:06 6965647                   /home/momo/.gradle/caches/modules-2/files-2.1/com.android.tools.lint/lint-api/26.0.0/ba8981e318f342456c77a2420b9d9f0967eaf138/lint-api-26.0.0.jar
7ff3877cc000-7ff3877fc000 r--s 01983000 103:06 6965645                   /home/momo/.gradle/caches/modules-2/files-2.1/com.android.tools.build/builder/3.0.0/36884960f350cb29f1c2c93107f4fa27f4e7444e/builder-3.0.0.jar
7ff3877fc000-7ff3879fc000 rw-p 00000000 00:00 0 
7ff3879fc000-7ff3879ff000 ---p 00000000 00:00 0 
7ff3879ff000-7ff387afd000 rw-p 00000000 00:00 0 
7ff387afd000-7ff387b00000 ---p 00000000 00:00 0 
7ff387b00000-7ff387bfe000 rw-p 00000000 00:00 0 
7ff387bfe000-7ff387c01000 ---p 00000000 00:00 0 
7ff387c01000-7ff387cff000 rw-p 00000000 00:00 0 
7ff387cff000-7ff387d02000 ---p 00000000 00:00 0 
7ff387d02000-7ff388000000 rw-p 00000000 00:00 0 
7ff388000000-7ff388108000 rw-p 00000000 00:00 0 
7ff388108000-7ff38c000000 ---p 00000000 00:00 0 
7ff38c000000-7ff38c109000 rw-p 00000000 00:00 0 
7ff38c109000-7ff390000000 ---p 00000000 00:00 0 
7ff390000000-7ff39011d000 rw-p 00000000 00:00 0 
7ff39011d000-7ff394000000 ---p 00000000 00:00 0 
7ff394000000-7ff39410d000 rw-p 00000000 00:00 0 
7ff39410d000-7ff398000000 ---p 00000000 00:00 0 
7ff398000000-7ff39827e000 rw-p 00000000 00:00 0 
7ff39827e000-7ff39c000000 ---p 00000000 00:00 0 
7ff39c000000-7ff39c0ca000 rw-p 00000000 00:00 0 
7ff39c0ca000-7ff3a0000000 ---p 00000000 00:00 0 
7ff3a0000000-7ff3a0159000 rw-p 00000000 00:00 0 
7ff3a0159000-7ff3a4000000 ---p 00000000 00:00 0 
7ff3a4000000-7ff3a5855000 rw-p 00000000 00:00 0 
7ff3a5855000-7ff3a8000000 ---p 00000000 00:00 0 
7ff3a8000000-7ff3a8087000 rw-p 00000000 00:00 0 
7ff3a8087000-7ff3ac000000 ---p 00000000 00:00 0 
7ff3ac000000-7ff3ac966000 rw-p 00000000 00:00 0 
7ff3ac966000-7ff3b0000000 ---p 00000000 00:00 0 
7ff3b0000000-7ff3b06e7000 rw-p 00000000 00:00 0 
7ff3b06e7000-7ff3b4000000 ---p 00000000 00:00 0 
7ff3b4000000-7ff3b40a9000 rw-p 00000000 00:00 0 
7ff3b40a9000-7ff3b8000000 ---p 00000000 00:00 0 
7ff3b8000000-7ff3b8070000 rw-p 00000000 00:00 0 
7ff3b8070000-7ff3bc000000 ---p 00000000 00:00 0 
7ff3bc000000-7ff3bc07f000 rw-p 00000000 00:00 0 
7ff3bc07f000-7ff3c0000000 ---p 00000000 00:00 0 
7ff3c0000000-7ff3c2063000 rw-p 00000000 00:00 0 
7ff3c2063000-7ff3c4000000 ---p 00000000 00:00 0 
7ff3c4000000-7ff3c5ae2000 rw-p 00000000 00:00 0 
7ff3c5ae2000-7ff3c8000000 ---p 00000000 00:00 0 
7ff3c8000000-7ff3c803f000 rw-p 00000000 00:00 0 
7ff3c803f000-7ff3cc000000 ---p 00000000 00:00 0 
7ff3cc000000-7ff3cded8000 rw-p 00000000 00:00 0 
7ff3cded8000-7ff3d0000000 ---p 00000000 00:00 0 
7ff3d0000000-7ff3d0041000 rw-p 00000000 00:00 0 
7ff3d0041000-7ff3d4000000 ---p 00000000 00:00 0 
7ff3d4000000-7ff3d403c000 rw-p 00000000 00:00 0 
7ff3d403c000-7ff3d8000000 ---p 00000000 00:00 0 
7ff3d8000000-7ff3d8040000 rw-p 00000000 00:00 0 
7ff3d8040000-7ff3dc000000 ---p 00000000 00:00 0 
7ff3dc000000-7ff3dc477000 rw-p 00000000 00:00 0 
7ff3dc477000-7ff3e0000000 ---p 00000000 00:00 0 
7ff3e0000000-7ff3e01de000 rw-p 00000000 00:00 0 
7ff3e01de000-7ff3e4000000 ---p 00000000 00:00 0 
7ff3e4000000-7ff3e4004000 r--s 00023000 103:06 6965651                   /home/momo/.gradle/caches/modules-2/files-2.1/com.android.tools.build/manifest-merger/26.0.0/f625bcad5f5dc0cb373e6b62595d64a552a8d073/manifest-merger-26.0.0.jar
7ff3e4004000-7ff3e4027000 r--s 0020b000 103:06 6965644                   /home/momo/.gradle/caches/modules-2/files-2.1/com.android.tools.build/gradle-core/3.0.0/b4b02fa623c5a618e68478d9a4a67e1e87c023c6/gradle-core-3.0.0.jar
7ff3e4027000-7ff3e402a000 ---p 00000000 00:00 0 
7ff3e402a000-7ff3e4328000 rw-p 00000000 00:00 0 
7ff3e4328000-7ff3e4528000 rw-p 00000000 00:00 0 
7ff3e4528000-7ff3e4728000 rw-p 00000000 00:00 0 
7ff3e4728000-7ff3e4928000 rw-p 00000000 00:00 0 
7ff3e4928000-7ff3e4b28000 rw-p 00000000 00:00 0 
7ff3e4b28000-7ff3e4c43000 r--s 02008000 103:06 2889405                   /home/momo/.gradle/caches/jars-3/9955734f77abc673a38c7cd4c0214af5/android.jar
7ff3e4c43000-7ff3e4c85000 r--s 00220000 103:06 2243262                   /home/momo/.gradle/caches/jars-3/929747bc6b973b44297e9c57df71598d/gradle-core-3.5.jar
7ff3e4c85000-7ff3e4cfe000 r--s 010fd000 103:06 2634453                   /opt/android-studio/jre/lib/tools.jar
7ff3e4cfe000-7ff3e4d01000 ---p 00000000 00:00 0 
7ff3e4d01000-7ff3e4fff000 rw-p 00000000 00:00 0 
7ff3e4fff000-7ff3e8000000 rw-p 00000000 00:00 0 
7ff3e8000000-7ff3e805e000 rw-p 00000000 00:00 0 
7ff3e805e000-7ff3ec000000 ---p 00000000 00:00 0 
7ff3ec000000-7ff3ec004000 r--s 0002e000 103:06 6965650                   /home/momo/.gradle/caches/modules-2/files-2.1/com.android.databinding/compilerCommon/3.0.0/243ebf26597dca96c60681106157e27f0762edf9/compilerCommon-3.0.0.jar
7ff3ec004000-7ff3ec006000 r--s 00003000 103:06 6965649                   /home/momo/.gradle/caches/modules-2/files-2.1/com.android.tools.build/gradle-api/3.0.0/e98ade5c308a99980d2a61f4ce1d9286df0105e3/gradle-api-3.0.0.jar
7ff3ec006000-7ff3ec00f000 r--s 000ff000 103:06 6965646                   /home/momo/.gradle/caches/modules-2/files-2.1/com.android.tools.lint/lint-checks/26.0.0/fe04d508baa247a0d32cafbfd158ca439f875dbd/lint-checks-26.0.0.jar
7ff3ec00f000-7ff3ec012000 r--s 00039000 103:06 6965642                   /home/momo/.gradle/caches/modules-2/files-2.1/com.android.tools.lint/lint/26.0.0/6c58c8b0066addaaffd174b78d701948b819cf23/lint-26.0.0.jar
7ff3ec012000-7ff3ec014000 r--s 0000f000 103:06 6965643                   /home/momo/.gradle/caches/modules-2/files-2.1/com.android.tools.build/gradle/3.0.0/2356ee8e98b68c53dafc28898e7034080e5c91aa/gradle-3.0.0.jar
7ff3ec014000-7ff3ec01b000 r--s 0002a000 103:06 2243266                   /home/momo/.gradle/caches/jars-3/fff47aec37b967e571b648d1fc9c6db6/gradle-messaging-3.5.jar
7ff3ec01b000-7ff3ec020000 r--s 00041000 103:06 2243264                   /home/momo/.gradle/caches/jars-3/c0502f5c2cf6dfd52d250e1b7d027d24/commons-lang-2.6.jar
7ff3ec020000-7ff3ec029000 r--s 00047000 103:06 2243260                   /home/momo/.gradle/caches/jars-3/11d06a5dce89fe5632250b7df00a3d57/gradle-base-services-3.5.jar
7ff3ec029000-7ff3ec051000 r--s 001cf000 103:06 2243258                   /home/momo/.gradle/caches/jars-3/566e7e0f530f75a42eba4833ef84d88c/guava-jdk5-17.0.jar
7ff3ec051000-7ff3ec05f000 r--s 00043000 103:06 2243256                   /home/momo/.gradle/caches/jars-3/c0d1da18a547ef3a2ba66d3068ae6e09/gradle-tooling-api-3.5.jar
7ff3ec05f000-7ff3ec062000 ---p 00000000 00:00 0 
7ff3ec062000-7ff3ec160000 rw-p 00000000 00:00 0 
7ff3ec160000-7ff3ec163000 ---p 00000000 00:00 0 
7ff3ec163000-7ff3ec261000 rw-p 00000000 00:00 0 
7ff3ec261000-7ff3ec264000 ---p 00000000 00:00 0 
7ff3ec264000-7ff3ec562000 rw-p 00000000 00:00 0 
7ff3ec562000-7ff3ec565000 ---p 00000000 00:00 0 
7ff3ec565000-7ff3ec663000 rw-p 00000000 00:00 0 
7ff3ec663000-7ff3ec666000 ---p 00000000 00:00 0 
7ff3ec666000-7ff3ec764000 rw-p 00000000 00:00 0 
7ff3ec764000-7ff3ec767000 ---p 00000000 00:00 0 
7ff3ec767000-7ff3ec865000 rw-p 00000000 00:00 0 
7ff3ec865000-7ff3ec868000 ---p 00000000 00:00 0 
7ff3ec868000-7ff3ec966000 rw-p 00000000 00:00 0 
7ff3ec966000-7ff3ec969000 ---p 00000000 00:00 0 
7ff3ec969000-7ff3eca67000 rw-p 00000000 00:00 0 
7ff3eca67000-7ff3eca6a000 ---p 00000000 00:00 0 
7ff3eca6a000-7ff3ecb68000 rw-p 00000000 00:00 0 
7ff3ecb68000-7ff3ecb6f000 r--s 00000000 103:06 789743                    /usr/lib/x86_64-linux-gnu/gconv/gconv-modules.cache
7ff3ecb6f000-7ff3ecb72000 ---p 00000000 00:00 0 
7ff3ecb72000-7ff3ecc70000 rw-p 00000000 00:00 0 
7ff3ecc70000-7ff3ecc75000 r--s 0009a000 103:06 2634420                   /opt/android-studio/jre/jre/lib/jsse.jar
7ff3ecc75000-7ff3ece75000 rw-p 00000000 00:00 0 
7ff3ece75000-7ff3ece7e000 r-xp 00000000 103:06 2634358                   /opt/android-studio/jre/jre/lib/amd64/libmanagement.so
7ff3ece7e000-7ff3ed07d000 ---p 00009000 103:06 2634358                   /opt/android-studio/jre/jre/lib/amd64/libmanagement.so
7ff3ed07d000-7ff3ed07e000 r--p 00008000 103:06 2634358                   /opt/android-studio/jre/jre/lib/amd64/libmanagement.so
7ff3ed07e000-7ff3ed07f000 rw-p 00009000 103:06 2634358                   /opt/android-studio/jre/jre/lib/amd64/libmanagement.so
7ff3ed07f000-7ff3ed081000 r--s 00007000 103:06 2633423                   /opt/android-studio/gradle/gradle-4.1/lib/plugins/gradle-tooling-api-builders-4.1.jar
7ff3ed081000-7ff3ed084000 r--s 00009000 103:06 2633422                   /opt/android-studio/gradle/gradle-4.1/lib/plugins/gradle-testing-native-4.1.jar
7ff3ed084000-7ff3ed086000 r--s 00009000 103:06 2633426                   /opt/android-studio/gradle/gradle-4.1/lib/plugins/hamcrest-core-1.3.jar
7ff3ed086000-7ff3ed08b000 r--s 00040000 103:06 2633379                   /opt/android-studio/gradle/gradle-4.1/lib/plugins/bsh-2.0b4.jar
7ff3ed08b000-7ff3ed08d000 r--s 00006000 103:06 2633435                   /opt/android-studio/gradle/gradle-4.1/lib/plugins/jcommander-1.12.jar
7ff3ed08d000-7ff3ed093000 r--s 00033000 103:06 2633461                   /opt/android-studio/gradle/gradle-4.1/lib/plugins/snakeyaml-1.6.jar
7ff3ed093000-7ff3ed09c000 r--s 00089000 103:06 2633462                   /opt/android-studio/gradle/gradle-4.1/lib/plugins/testng-6.3.1.jar
7ff3ed09c000-7ff3ed0a4000 r--s 00045000 103:06 2633438                   /opt/android-studio/gradle/gradle-4.1/lib/plugins/junit-4.12.jar
7ff3ed0a4000-7ff3ed0aa000 r--s 0002e000 103:06 2633421                   /opt/android-studio/gradle/gradle-4.1/lib/plugins/gradle-testing-jvm-4.1.jar
7ff3ed0aa000-7ff3ed0ae000 r--s 00017000 103:06 2633420                   /opt/android-studio/gradle/gradle-4.1/lib/plugins/gradle-testing-base-4.1.jar
7ff3ed0ae000-7ff3ed0b5000 r--s 00038000 103:06 2633376                   /opt/android-studio/gradle/gradle-4.1/lib/plugins/bcpg-jdk15on-1.51.jar
7ff3ed0b5000-7ff3ed0b7000 r--s 0000c000 103:06 2633418                   /opt/android-studio/gradle/gradle-4.1/lib/plugins/gradle-signing-4.1.jar
7ff3ed0b7000-7ff3ed0b9000 r--s 00007000 103:06 2633417                   /opt/android-studio/gradle/gradle-4.1/lib/plugins/gradle-scala-4.1.jar
7ff3ed0b9000-7ff3ed0ba000 r--s 00004000 103:06 2633416                   /opt/android-studio/gradle/gradle-4.1/lib/plugins/gradle-resources-sftp-4.1.jar
7ff3ed0ba000-7ff3ed0ca000 r--s 00088000 103:06 2633436                   /opt/android-studio/gradle/gradle-4.1/lib/plugins/joda-time-2.8.2.jar
7ff3ed0ca000-7ff3ed0db000 r--s 0010d000 103:06 2633432                   /opt/android-studio/gradle/gradle-4.1/lib/plugins/jackson-databind-2.6.6.jar
7ff3ed0db000-7ff3ed0de000 r--s 00009000 103:06 2633430                   /opt/android-studio/gradle/gradle-4.1/lib/plugins/jackson-annotations-2.6.6.jar
7ff3ed0de000-7ff3ed0e2000 r--s 0003c000 103:06 2633431                   /opt/android-studio/gradle/gradle-4.1/lib/plugins/jackson-core-2.6.6.jar
7ff3ed0e2000-7ff3ed0f0000 r--s 00087000 103:06 2633373                   /opt/android-studio/gradle/gradle-4.1/lib/plugins/aws-java-sdk-core-1.11.6.jar
7ff3ed0f0000-7ff3ed0f7000 r--s 00057000 103:06 2633374                   /opt/android-studio/gradle/gradle-4.1/lib/plugins/aws-java-sdk-kms-1.11.6.jar
7ff3ed0f7000-7ff3ed104000 r--s 0008e000 103:06 2633375                   /opt/android-studio/gradle/gradle-4.1/lib/plugins/aws-java-sdk-s3-1.11.6.jar
7ff3ed104000-7ff3ed106000 r--s 00004000 103:06 2633415                   /opt/android-studio/gradle/gradle-4.1/lib/plugins/gradle-resources-s3-4.1.jar
7ff3ed106000-7ff3ed108000 r--s 00010000 103:06 2633413                   /opt/android-studio/gradle/gradle-4.1/lib/plugins/gradle-reporting-4.1.jar
7ff3ed108000-7ff3ed10a000 r--s 00002000 103:06 2633412                   /opt/android-studio/gradle/gradle-4.1/lib/plugins/gradle-publish-4.1.jar
7ff3ed10a000-7ff3ed10c000 r--s 00009000 103:06 2633380                   /opt/android-studio/gradle/gradle-4.1/lib/plugins/commons-cli-1.2.jar
7ff3ed10c000-7ff3ed112000 r--s 00036000 103:06 2633411                   /opt/android-studio/gradle/gradle-4.1/lib/plugins/gradle-plugins-4.1.jar
7ff3ed112000-7ff3ed114000 r--s 00009000 103:06 2633409                   /opt/android-studio/gradle/gradle-4.1/lib/plugins/gradle-plugin-development-4.1.jar
7ff3ed114000-7ff3ed11a000 r--s 0002b000 103:06 2633408                   /opt/android-studio/gradle/gradle-4.1/lib/plugins/gradle-platform-play-4.1.jar
7ff3ed11a000-7ff3ed129000 r--s 0005b000 103:06 2633407                   /opt/android-studio/gradle/gradle-4.1/lib/plugins/gradle-platform-native-4.1.jar
7ff3ed129000-7ff3ed12d000 r--s 0001b000 103:06 2633406                   /opt/android-studio/gradle/gradle-4.1/lib/plugins/gradle-platform-jvm-4.1.jar
7ff3ed12d000-7ff3ed135000 r--s 00027000 103:06 2633405                   /opt/android-studio/gradle/gradle-4.1/lib/plugins/gradle-platform-base-4.1.jar
7ff3ed135000-7ff3ed15d000 r--s 0021c000 103:06 2633378                   /opt/android-studio/gradle/gradle-4.1/lib/plugins/biz.aQute.bndlib-3.2.0.jar
7ff3ed15d000-7ff3ed15e000 r--s 00004000 103:06 2633404                   /opt/android-studio/gradle/gradle-4.1/lib/plugins/gradle-osgi-4.1.jar
7ff3ed15e000-7ff3ed161000 r--s 0000c000 103:06 2633458                   /opt/android-studio/gradle/gradle-4.1/lib/plugins/pmaven-groovy-0.8-20100325.jar
7ff3ed161000-7ff3ed162000 r--s 00004000 103:06 2633457                   /opt/android-studio/gradle/gradle-4.1/lib/plugins/pmaven-common-0.8-20100325.jar
7ff3ed162000-7ff3ed168000 r--s 00023000 103:06 2633403                   /opt/android-studio/gradle/gradle-4.1/lib/plugins/gradle-maven-4.1.jar
7ff3ed168000-7ff3ed16b000 r--s 0000b000 103:06 2633402                   /opt/android-studio/gradle/gradle-4.1/lib/plugins/gradle-language-scala-4.1.jar
7ff3ed16b000-7ff3ed172000 r--s 00020000 103:06 2633401                   /opt/android-studio/gradle/gradle-4.1/lib/plugins/gradle-language-native-4.1.jar
7ff3ed172000-7ff3ed174000 r--s 00005000 103:06 2633400                   /opt/android-studio/gradle/gradle-4.1/lib/plugins/gradle-language-jvm-4.1.jar
7ff3ed174000-7ff3ed17b000 r--s 0002f000 103:06 2633399                   /opt/android-studio/gradle/gradle-4.1/lib/plugins/gradle-language-java-4.1.jar
7ff3ed17b000-7ff3ed17e000 r--s 0000a000 103:06 2633398                   /opt/android-studio/gradle/gradle-4.1/lib/plugins/gradle-language-groovy-4.1.jar
7ff3ed17e000-7ff3ed185000 r--s 00035000 103:06 2633460                   /opt/android-studio/gradle/gradle-4.1/lib/plugins/simple-4.1.21.jar
7ff3ed185000-7ff3ed191000 r--s 00100000 103:06 2633459                   /opt/android-studio/gradle/gradle-4.1/lib/plugins/rhino-1.7R3.jar
7ff3ed191000-7ff3ed195000 r--s 00012000 103:06 2633397                   /opt/android-studio/gradle/gradle-4.1/lib/plugins/gradle-javascript-4.1.jar
7ff3ed195000-7ff3ed198000 r--s 00011000 103:06 2633396                   /opt/android-studio/gradle/gradle-4.1/lib/plugins/gradle-jacoco-4.1.jar
7ff3ed198000-7ff3ed19b000 r--s 0000e000 103:06 2633395                   /opt/android-studio/gradle/gradle-4.1/lib/plugins/gradle-ivy-4.1.jar
7ff3ed19b000-7ff3ed19c000 r--s 00002000 103:06 2633394                   /opt/android-studio/gradle/gradle-4.1/lib/plugins/gradle-ide-play-4.1.jar
7ff3ed19c000-7ff3ed19f000 r--s 00013000 103:06 2633393                   /opt/android-studio/gradle/gradle-4.1/lib/plugins/gradle-ide-native-4.1.jar
7ff3ed19f000-7ff3ed1a9000 r--s 00054000 103:06 2633392                   /opt/android-studio/gradle/gradle-4.1/lib/plugins/gradle-ide-4.1.jar
7ff3ed1a9000-7ff3ed1ab000 r--s 00007000 103:06 2633391                   /opt/android-studio/gradle/gradle-4.1/lib/plugins/gradle-ear-4.1.jar
7ff3ed1ab000-7ff3ed1ad000 r--s 00005000 103:06 2633433                   /opt/android-studio/gradle/gradle-4.1/lib/plugins/jatl-0.2.2.jar
7ff3ed1ad000-7ff3ed1b4000 r--s 00038000 103:06 2633390                   /opt/android-studio/gradle/gradle-4.1/lib/plugins/gradle-diagnostics-4.1.jar
7ff3ed1b4000-7ff3ed1b6000 r--s 0000b000 103:06 2633388                   /opt/android-studio/gradle/gradle-4.1/lib/plugins/gradle-composite-builds-4.1.jar
7ff3ed1b6000-7ff3ed1bb000 r--s 00025000 103:06 2633387                   /opt/android-studio/gradle/gradle-4.1/lib/plugins/gradle-code-quality-4.1.jar
7ff3ed1bb000-7ff3ed1c0000 r--s 00022000 103:06 2633386                   /opt/android-studio/gradle/gradle-4.1/lib/plugins/gradle-build-init-4.1.jar
7ff3ed1c0000-7ff3ed1c6000 r--s 0008e000 103:06 2633385                   /opt/android-studio/gradle/gradle-4.1/lib/plugins/gradle-build-comparison-4.1.jar
7ff3ed1c6000-7ff3ed1c7000 r--s 00002000 103:06 2633384                   /opt/android-studio/gradle/gradle-4.1/lib/plugins/gradle-build-cache-http-4.1.jar
7ff3ed1c7000-7ff3ed1c9000 r--s 00008000 103:06 2633383                   /opt/android-studio/gradle/gradle-4.1/lib/plugins/gradle-antlr-4.1.jar
7ff3ed1c9000-7ff3ed1cb000 r--s 00004000 103:06 2633382                   /opt/android-studio/gradle/gradle-4.1/lib/plugins/gradle-announce-4.1.jar
7ff3ed1cb000-7ff3ed1cd000 r--s 00008000 103:06 2633325                   /opt/android-studio/gradle/gradle-4.1/lib/gradle-kotlin-dsl-tooling-builders-0.10.3.jar
7ff3ed1cd000-7ff3ed1d0000 r--s 0001c000 103:06 2633449                   /opt/android-studio/gradle/gradle-4.1/lib/plugins/nekohtml-1.9.14.jar
7ff3ed1d0000-7ff3ed1d8000 r--s 00028000 103:06 2633469                   /opt/android-studio/gradle/gradle-4.1/lib/plugins/xml-apis-1.3.04.jar
7ff3ed1d8000-7ff3ed1f0000 r--s 00115000 103:06 2633468                   /opt/android-studio/gradle/gradle-4.1/lib/plugins/xercesImpl-2.9.1.jar
7ff3ed1f0000-7ff3ed1f6000 r--s 0005b000 103:06 2633434                   /opt/android-studio/gradle/gradle-4.1/lib/plugins/jcifs-1.3.17.jar
7ff3ed1f6000-7ff3ed1fd000 r--s 00049000 103:06 2633428                   /opt/android-studio/gradle/gradle-4.1/lib/plugins/httpcore-4.4.4.jar
7ff3ed1fd000-7ff3ed203000 r--s 00033000 103:06 2633381                   /opt/android-studio/gradle/gradle-4.1/lib/plugins/commons-codec-1.6.jar
7ff3ed203000-7ff3ed210000 r--s 000a4000 103:06 2633427                   /opt/android-studio/gradle/gradle-4.1/lib/plugins/httpclient-4.4.1.jar
7ff3ed210000-7ff3ed212000 r--s 0000b000 103:06 2633414                   /opt/android-studio/gradle/gradle-4.1/lib/plugins/gradle-resources-http-4.1.jar
7ff3ed212000-7ff3ed216000 r--s 00017000 103:06 2633410                   /opt/android-studio/gradle/gradle-4.1/lib/plugins/gradle-plugin-use-4.1.jar
7ff3ed216000-7ff3ed217000 r--s 00000000 103:06 2633335                   /opt/android-studio/gradle/gradle-4.1/lib/gradle-runtime-api-info-4.1.jar
7ff3ed217000-7ff3ed218000 r--s 00000000 103:06 2633321                   /opt/android-studio/gradle/gradle-4.1/lib/gradle-installation-beacon-4.1.jar
7ff3ed218000-7ff3ed258000 r--s 00277000 103:06 2633377                   /opt/android-studio/gradle/gradle-4.1/lib/plugins/bcprov-jdk15on-1.51.jar
7ff3ed258000-7ff3ed25c000 r--s 0001d000 103:06 2633467                   /opt/android-studio/gradle/gradle-4.1/lib/plugins/xbean-reflect-3.4.jar
7ff3ed25c000-7ff3ed25e000 r--s 0000a000 103:06 2633447                   /opt/android-studio/gradle/gradle-4.1/lib/plugins/maven-settings-3.0.4.jar
7ff3ed25e000-7ff3ed261000 r--s 00008000 103:06 2633448                   /opt/android-studio/gradle/gradle-4.1/lib/plugins/maven-settings-builder-3.0.4.jar
7ff3ed261000-7ff3ed265000 r--s 00033000 103:06 2633456                   /opt/android-studio/gradle/gradle-4.1/lib/plugins/plexus-utils-2.0.6.jar
7ff3ed265000-7ff3ed267000 r--s 0000d000 103:06 2633454                   /opt/android-studio/gradle/gradle-4.1/lib/plugins/plexus-interpolation-1.14.jar
7ff3ed267000-7ff3ed269000 r--s 00000000 103:06 2633452                   /opt/android-studio/gradle/gradle-4.1/lib/plugins/plexus-component-annotations-1.5.5.jar
7ff3ed269000-7ff3ed270000 r--s 0002e000 103:06 2633453                   /opt/android-studio/gradle/gradle-4.1/lib/plugins/plexus-container-default-1.5.5.jar
7ff3ed270000-7ff3ed272000 r--s 0000a000 103:06 2633451                   /opt/android-studio/gradle/gradle-4.1/lib/plugins/plexus-classworlds-2.4.jar
7ff3ed272000-7ff3ed274000 r--s 00002000 103:06 2633450                   /opt/android-studio/gradle/gradle-4.1/lib/plugins/plexus-cipher-1.7.jar
7ff3ed274000-7ff3ed275000 r--s 00006000 103:06 2633455                   /opt/android-studio/gradle/gradle-4.1/lib/plugins/plexus-sec-dispatcher-1.3.jar
7ff3ed275000-7ff3ed27b000 r--s 0003f000 103:06 2633441                   /opt/android-studio/gradle/gradle-4.1/lib/plugins/maven-compat-3.0.4.jar
7ff3ed27b000-7ff3ed27f000 r--s 00021000 103:06 2633444                   /opt/android-studio/gradle/gradle-4.1/lib/plugins/maven-model-builder-3.0.4.jar
7ff3ed27f000-7ff3ed281000 r--s 00026000 103:06 2633443                   /opt/android-studio/gradle/gradle-4.1/lib/plugins/maven-model-3.0.4.jar
7ff3ed281000-7ff3ed283000 r--s 0000b000 103:06 2633440                   /opt/android-studio/gradle/gradle-4.1/lib/plugins/maven-artifact-3.0.4.jar
7ff3ed283000-7ff3ed285000 r--s 00006000 103:06 2633446                   /opt/android-studio/gradle/gradle-4.1/lib/plugins/maven-repository-metadata-3.0.4.jar
7ff3ed285000-7ff3ed287000 r--s 0000b000 103:06 2633445                   /opt/android-studio/gradle/gradle-4.1/lib/plugins/maven-plugin-api-3.0.4.jar
7ff3ed287000-7ff3ed289000 r--s 0000c000 103:06 2633439                   /opt/android-studio/gradle/gradle-4.1/lib/plugins/maven-aether-provider-3.0.4.jar
7ff3ed289000-7ff3ed28a000 r--s 00002000 103:06 2633463                   /opt/android-studio/gradle/gradle-4.1/lib/plugins/wagon-file-2.4.jar
7ff3ed28a000-7ff3ed28b000 r--s 00002000 103:06 2633464                   /opt/android-studio/gradle/gradle-4.1/lib/plugins/wagon-http-2.4.jar
7ff3ed28b000-7ff3ed28d000 r--s 0000b000 103:06 2633466                   /opt/android-studio/gradle/gradle-4.1/lib/plugins/wagon-provider-api-2.4.jar
7ff3ed28d000-7ff3ed28e000 r--s 00007000 103:06 2633465                   /opt/android-studio/gradle/gradle-4.1/lib/plugins/wagon-http-shared4-2.4.jar
7ff3ed28e000-7ff3ed291000 r--s 00013000 103:06 2633368                   /opt/android-studio/gradle/gradle-4.1/lib/plugins/aether-api-1.13.1.jar
7ff3ed291000-7ff3ed294000 r--s 0001d000 103:06 2633370                   /opt/android-studio/gradle/gradle-4.1/lib/plugins/aether-impl-1.13.1.jar
7ff3ed294000-7ff3ed295000 r--s 00003000 103:06 2633371                   /opt/android-studio/gradle/gradle-4.1/lib/plugins/aether-spi-1.13.1.jar
7ff3ed295000-7ff3ed2a1000 r--s 0007d000 103:06 2633442                   /opt/android-studio/gradle/gradle-4.1/lib/plugins/maven-core-3.0.4.jar
7ff3ed2a1000-7ff3ed2c5000 r--s 0011a000 103:06 2633389                   /opt/android-studio/gradle/gradle-4.1/lib/plugins/gradle-dependency-management-4.1.jar
7ff3ed2c5000-7ff3ed2db000 r-xp 00000000 103:06 2492339                   /lib/x86_64-linux-gnu/libgcc_s.so.1
7ff3ed2db000-7ff3ed4da000 ---p 00016000 103:06 2492339                   /lib/x86_64-linux-gnu/libgcc_s.so.1
7ff3ed4da000-7ff3ed4db000 r--p 00015000 103:06 2492339                   /lib/x86_64-linux-gnu/libgcc_s.so.1
7ff3ed4db000-7ff3ed4dc000 rw-p 00016000 103:06 2492339                   /lib/x86_64-linux-gnu/libgcc_s.so.1
7ff3ed4dc000-7ff3ed64c000 r-xp 00000000 103:06 791209                    /usr/lib/x86_64-linux-gnu/libstdc++.so.6.0.24
7ff3ed64c000-7ff3ed84c000 ---p 00170000 103:06 791209                    /usr/lib/x86_64-linux-gnu/libstdc++.so.6.0.24
7ff3ed84c000-7ff3ed856000 r--p 00170000 103:06 791209                    /usr/lib/x86_64-linux-gnu/libstdc++.so.6.0.24
7ff3ed856000-7ff3ed858000 rw-p 0017a000 103:06 791209                    /usr/lib/x86_64-linux-gnu/libstdc++.so.6.0.24
7ff3ed858000-7ff3ed85b000 rw-p 00000000 00:00 0 
7ff3ed85b000-7ff3ed85f000 r--s 0001c000 103:06 2633372                   /opt/android-studio/gradle/gradle-4.1/lib/plugins/aether-util-1.13.1.jar
7ff3ed85f000-7ff3ed861000 r--s 00006000 103:06 2633369                   /opt/android-studio/gradle/gradle-4.1/lib/plugins/aether-connector-wagon-1.13.1.jar
7ff3ed861000-7ff3ed866000 r--s 00034000 103:06 2633425                   /opt/android-studio/gradle/gradle-4.1/lib/plugins/gson-2.7.jar
7ff3ed866000-7ff3ed86b000 r--s 00040000 103:06 2633437                   /opt/android-studio/gradle/gradle-4.1/lib/plugins/jsch-0.1.54.jar
7ff3ed86b000-7ff3ed87a000 r--s 000d9000 103:06 2633429                   /opt/android-studio/gradle/gradle-4.1/lib/plugins/ivy-2.2.0.jar
7ff3ed87a000-7ff3ed87d000 r--s 0000d000 103:06 2633424                   /opt/android-studio/gradle/gradle-4.1/lib/plugins/gradle-workers-4.1.jar
7ff3ed87d000-7ff3ed882000 r-xp 00000000 103:06 2243231                   /home/momo/.gradle/native/25/linux-amd64/libnative-platform.so
7ff3ed882000-7ff3eda81000 ---p 00005000 103:06 2243231                   /home/momo/.gradle/native/25/linux-amd64/libnative-platform.so
7ff3eda81000-7ff3eda82000 rw-p 00004000 103:06 2243231                   /home/momo/.gradle/native/25/linux-amd64/libnative-platform.so
7ff3eda82000-7ff3eda93000 r-xp 00000000 103:06 2634361                   /opt/android-studio/jre/jre/lib/amd64/libnio.so
7ff3eda93000-7ff3edc92000 ---p 00011000 103:06 2634361                   /opt/android-studio/jre/jre/lib/amd64/libnio.so
7ff3edc92000-7ff3edc93000 r--p 00010000 103:06 2634361                   /opt/android-studio/jre/jre/lib/amd64/libnio.so
7ff3edc93000-7ff3edc94000 rw-p 00011000 103:06 2634361                   /opt/android-studio/jre/jre/lib/amd64/libnio.so
7ff3edc94000-7ff3edcaa000 r-xp 00000000 103:06 2634360                   /opt/android-studio/jre/jre/lib/amd64/libnet.so
7ff3edcaa000-7ff3edeaa000 ---p 00016000 103:06 2634360                   /opt/android-studio/jre/jre/lib/amd64/libnet.so
7ff3edeaa000-7ff3edeab000 r--p 00016000 103:06 2634360                   /opt/android-studio/jre/jre/lib/amd64/libnet.so
7ff3edeab000-7ff3edeac000 rw-p 00017000 103:06 2634360                   /opt/android-studio/jre/jre/lib/amd64/libnet.so
7ff3edeac000-7ff3edeb6000 r--s 00116000 103:06 2634386                   /opt/android-studio/jre/jre/lib/ext/localedata.jar
7ff3edeb6000-7ff3edeb7000 r--s 00006000 103:06 2633337                   /opt/android-studio/gradle/gradle-4.1/lib/gradle-wrapper-4.1.jar
7ff3edeb7000-7ff3edec4000 r--s 00043000 103:06 2633336                   /opt/android-studio/gradle/gradle-4.1/lib/gradle-tooling-api-4.1.jar
7ff3edec4000-7ff3eded3000 r--s 000c8000 103:06 2633348                   /opt/android-studio/gradle/gradle-4.1/lib/kotlin-stdlib-1.1.3-2.jar
7ff3eded3000-7ff3edf05000 r--s 0021b000 103:06 2633347                   /opt/android-studio/gradle/gradle-4.1/lib/kotlin-reflect-1.1.3-2.jar
7ff3edf05000-7ff3ee0bc000 r--s 01786000 103:06 2633346                   /opt/android-studio/gradle/gradle-4.1/lib/kotlin-compiler-embeddable-1.1.3-2.jar
7ff3ee0bc000-7ff3ee0bd000 r--s 00000000 103:06 2633326                   /opt/android-studio/gradle/gradle-4.1/lib/gradle-kotlin-dsl-tooling-models-0.10.3.jar
7ff3ee0bd000-7ff3ee0be000 r--s 00001000 103:06 2633324                   /opt/android-studio/gradle/gradle-4.1/lib/gradle-kotlin-dsl-compiler-plugin-0.10.3.jar
7ff3ee0be000-7ff3ee0c0000 r--s 00003000 103:06 2633309                   /opt/android-studio/gradle/gradle-4.1/lib/annotations-13.0.jar
7ff3ee0c0000-7ff3ee0ca000 r--s 00073000 103:06 2633323                   /opt/android-studio/gradle/gradle-4.1/lib/gradle-kotlin-dsl-0.10.3.jar
7ff3ee0ca000-7ff3ee0cf000 r--s 00013000 103:06 2633334                   /opt/android-studio/gradle/gradle-4.1/lib/gradle-resources-4.1.jar
7ff3ee0cf000-7ff3ee0d1000 r--s 00005000 103:06 2633318                   /opt/android-studio/gradle/gradle-4.1/lib/gradle-cli-4.1.jar
7ff3ee0d1000-7ff3ee0d3000 r--s 00003000 103:06 2633343                   /opt/android-studio/gradle/gradle-4.1/lib/jcl-over-slf4j-1.7.10.jar
7ff3ee0d3000-7ff3ee0d4000 r--s 00005000 103:06 2633350                   /opt/android-studio/gradle/gradle-4.1/lib/log4j-over-slf4j-1.7.10.jar
7ff3ee0d4000-7ff3ee0d6000 r--s 00000000 103:06 2633345                   /opt/android-studio/gradle/gradle-4.1/lib/jul-to-slf4j-1.7.10.jar
7ff3ee0d6000-7ff3ee0dd000 r--s 0002c000 103:06 2633328                   /opt/android-studio/gradle/gradle-4.1/lib/gradle-logging-4.1.jar
7ff3ee0dd000-7ff3ee0ed000 r--s 00082000 103:06 2633330                   /opt/android-studio/gradle/gradle-4.1/lib/gradle-model-core-4.1.jar
7ff3ee0ed000-7ff3ee0ef000 r--s 00006000 103:06 2633317                   /opt/android-studio/gradle/gradle-4.1/lib/gradle-base-services-groovy-4.1.jar
7ff3ee0ef000-7ff3ee0f1000 r--s 00007000 103:06 2633331                   /opt/android-studio/gradle/gradle-4.1/lib/gradle-model-groovy-4.1.jar
7ff3ee0f1000-7ff3ee0f2000 r--s 00002000 103:06 2633320                   /opt/android-studio/gradle/gradle-4.1/lib/gradle-docs-4.1.jar
7ff3ee0f2000-7ff3ee0ff000 r--s 00083000 103:06 2633313                   /opt/android-studio/gradle/gradle-4.1/lib/commons-collections-3.2.2.jar
7ff3ee0ff000-7ff3ee100000 r--s 00000000 103:06 2633341                   /opt/android-studio/gradle/gradle-4.1/lib/javax.inject-1.jar
7ff3ee100000-7ff3ee170000 r--s 00645000 103:06 2633338                   /opt/android-studio/gradle/gradle-4.1/lib/groovy-all-2.4.11.jar
7ff3ee170000-7ff3ee173000 r--s 00023000 103:06 2633340                   /opt/android-studio/gradle/gradle-4.1/lib/jansi-1.14.jar
7ff3ee173000-7ff3ee174000 r--s 00004000 103:06 2633353                   /opt/android-studio/gradle/gradle-4.1/lib/native-platform-freebsd-amd64-libcpp-0.14.jar
7ff3ee174000-7ff3ee175000 r--s 00004000 103:06 2633354                   /opt/android-studio/gradle/gradle-4.1/lib/native-platform-freebsd-amd64-libstdcpp-0.14.jar
7ff3ee175000-7ff3ee176000 r--s 00004000 103:06 2633355                   /opt/android-studio/gradle/gradle-4.1/lib/native-platform-freebsd-i386-libcpp-0.14.jar
7ff3ee176000-7ff3ee177000 r--s 00003000 103:06 2633356                   /opt/android-studio/gradle/gradle-4.1/lib/native-platform-freebsd-i386-libstdcpp-0.14.jar
7ff3ee177000-7ff3ee178000 r--s 00002000 103:06 2633357                   /opt/android-studio/gradle/gradle-4.1/lib/native-platform-linux-amd64-0.14.jar
7ff3ee178000-7ff3ee179000 r--s 00002000 103:06 2633360                   /opt/android-studio/gradle/gradle-4.1/lib/native-platform-linux-i386-0.14.jar
7ff3ee179000-7ff3ee17b000 r--s 00002000 103:06 2633363                   /opt/android-studio/gradle/gradle-4.1/lib/native-platform-osx-amd64-0.14.jar
7ff3ee17b000-7ff3ee17c000 r--s 00003000 103:06 2633364                   /opt/android-studio/gradle/gradle-4.1/lib/native-platform-osx-i386-0.14.jar
7ff3ee17c000-7ff3ee17e000 r--s 0000b000 103:06 2633365                   /opt/android-studio/gradle/gradle-4.1/lib/native-platform-windows-amd64-0.14.jar
7ff3ee17e000-7ff3ee17f000 r--s 0000b000 103:06 2633366                   /opt/android-studio/gradle/gradle-4.1/lib/native-platform-windows-i386-0.14.jar
7ff3ee17f000-7ff3ee180000 r--s 00001000 103:06 2633358                   /opt/android-studio/gradle/gradle-4.1/lib/native-platform-linux-amd64-ncurses5-0.14.jar
7ff3ee180000-7ff3ee181000 r--s 00001000 103:06 2633359                   /opt/android-studio/gradle/gradle-4.1/lib/native-platform-linux-amd64-ncurses6-0.14.jar
7ff3ee181000-7ff3ee185000 r--s 00012000 103:06 2633352                   /opt/android-studio/gradle/gradle-4.1/lib/native-platform-0.14.jar
7ff3ee185000-7ff3ee188000 r--s 0000c000 103:06 2633332                   /opt/android-studio/gradle/gradle-4.1/lib/gradle-native-4.1.jar
7ff3ee188000-7ff3ee18a000 r--s 0000f000 103:06 2633470                   /opt/android-studio/gradle/gradle-4.1/lib/reflectasm-1.07-shaded.jar
7ff3ee18a000-7ff3ee1b2000 r--s 001cf000 103:06 2633339                   /opt/android-studio/gradle/gradle-4.1/lib/guava-jdk5-17.0.jar
7ff3ee1b2000-7ff3ee1d1000 r--s 001d1000 103:06 2633310                   /opt/android-studio/gradle/gradle-4.1/lib/ant-1.9.6.jar
7ff3ee1d1000-7ff3ee21b000 r--s 00253000 103:06 2633319                   /opt/android-studio/gradle/gradle-4.1/lib/gradle-core-4.1.jar
7ff3ee21b000-7ff3ee21c000 ---p 00000000 00:00 0 
7ff3ee21c000-7ff3ee31c000 rw-p 00000000 00:00 0 
7ff3ee31c000-7ff3ee31f000 ---p 00000000 00:00 0 
7ff3ee31f000-7ff3ee41d000 rw-p 00000000 00:00 0 
7ff3ee41d000-7ff3ee420000 ---p 00000000 00:00 0 
7ff3ee420000-7ff3ee51e000 rw-p 00000000 00:00 0 
7ff3ee51e000-7ff3ee521000 ---p 00000000 00:00 0 
7ff3ee521000-7ff3ee61f000 rw-p 00000000 00:00 0 
7ff3ee61f000-7ff3ee622000 ---p 00000000 00:00 0 
7ff3ee622000-7ff3ee720000 rw-p 00000000 00:00 0 
7ff3ee720000-7ff3ee723000 ---p 00000000 00:00 0 
7ff3ee723000-7ff3ee821000 rw-p 00000000 00:00 0 
7ff3ee821000-7ff3eeb70000 r--p 00000000 103:06 661212                    /usr/lib/locale/locale-archive
7ff3eeb70000-7ff3eeb73000 ---p 00000000 00:00 0 
7ff3eeb73000-7ff3eec71000 rw-p 00000000 00:00 0 
7ff3eec71000-7ff3eec74000 ---p 00000000 00:00 0 
7ff3eec74000-7ff3eed72000 rw-p 00000000 00:00 0 
7ff3eed72000-7ff3eed73000 ---p 00000000 00:00 0 
7ff3eed73000-7ff3f0000000 rw-p 00000000 00:00 0 
7ff3f0000000-7ff3f029c000 rw-p 00000000 00:00 0 
7ff3f029c000-7ff3f4000000 ---p 00000000 00:00 0 
7ff3f4000000-7ff3f4001000 r--s 00001000 103:06 2633361                   /opt/android-studio/gradle/gradle-4.1/lib/native-platform-linux-i386-ncurses5-0.14.jar
7ff3f4001000-7ff3f4003000 r--s 00000000 103:06 2633351                   /opt/android-studio/gradle/gradle-4.1/lib/minlog-1.2.jar
7ff3f4003000-7ff3f4005000 r--s 00007000 103:06 2633367                   /opt/android-studio/gradle/gradle-4.1/lib/objenesis-1.2.jar
7ff3f4005000-7ff3f4009000 r--s 00026000 103:06 2633349                   /opt/android-studio/gradle/gradle-4.1/lib/kryo-2.20.jar
7ff3f4009000-7ff3f400f000 r--s 0002b000 103:06 2633329                   /opt/android-studio/gradle/gradle-4.1/lib/gradle-messaging-4.1.jar
7ff3f400f000-7ff3f4011000 r--s 00006000 103:06 2633333                   /opt/android-studio/gradle/gradle-4.1/lib/gradle-process-services-4.1.jar
7ff3f4011000-7ff3f4013000 r--s 00000000 103:06 2633322                   /opt/android-studio/gradle/gradle-4.1/lib/gradle-jvm-services-4.1.jar
7ff3f4013000-7ff3f4619000 rw-p 00000000 00:00 0 
7ff3f4619000-7ff3f47e9000 r--s 03c46000 103:06 2634433                   /opt/android-studio/jre/jre/lib/rt.jar
7ff3f47e9000-7ff3f7ae9000 rw-p 00000000 00:00 0 
7ff3f7ae9000-7ff3f7aea000 ---p 00000000 00:00 0 
7ff3f7aea000-7ff3f7bea000 rw-p 00000000 00:00 0 
7ff3f7bea000-7ff3f7beb000 ---p 00000000 00:00 0 
7ff3f7beb000-7ff3f7ceb000 rw-p 00000000 00:00 0 
7ff3f7ceb000-7ff3f7cec000 ---p 00000000 00:00 0 
7ff3f7cec000-7ff3f7dec000 rw-p 00000000 00:00 0 
7ff3f7dec000-7ff3f7ded000 ---p 00000000 00:00 0 
7ff3f7ded000-7ff3f7f37000 rw-p 00000000 00:00 0 
7ff3f7f37000-7ff3f80ed000 ---p 00000000 00:00 0 
7ff3f80ed000-7ff3f8137000 rw-p 00000000 00:00 0 
7ff3f8137000-7ff3f82ed000 ---p 00000000 00:00 0 
7ff3f82ed000-7ff3f838b000 rw-p 00000000 00:00 0 
7ff3f838b000-7ff3f83ed000 ---p 00000000 00:00 0 
7ff3f83ed000-7ff3f84d0000 rw-p 00000000 00:00 0 
7ff3f84d0000-7ff3f87ae000 ---p 00000000 00:00 0 
7ff3f87ae000-7ff3fc01e000 rwxp 00000000 00:00 0 
7ff3fc01e000-7ff4077ae000 ---p 00000000 00:00 0 
7ff4077ae000-7ff4077c8000 r-xp 00000000 103:06 2634369                   /opt/android-studio/jre/jre/lib/amd64/libzip.so
7ff4077c8000-7ff4079c8000 ---p 0001a000 103:06 2634369                   /opt/android-studio/jre/jre/lib/amd64/libzip.so
7ff4079c8000-7ff4079c9000 r--p 0001a000 103:06 2634369                   /opt/android-studio/jre/jre/lib/amd64/libzip.so
7ff4079c9000-7ff4079ca000 rw-p 0001b000 103:06 2634369                   /opt/android-studio/jre/jre/lib/amd64/libzip.so
7ff4079ca000-7ff4079d4000 r-xp 00000000 103:06 2492966                   /lib/x86_64-linux-gnu/libnss_files-2.24.so
7ff4079d4000-7ff407bd4000 ---p 0000a000 103:06 2492966                   /lib/x86_64-linux-gnu/libnss_files-2.24.so
7ff407bd4000-7ff407bd5000 r--p 0000a000 103:06 2492966                   /lib/x86_64-linux-gnu/libnss_files-2.24.so
7ff407bd5000-7ff407bd6000 rw-p 0000b000 103:06 2492966                   /lib/x86_64-linux-gnu/libnss_files-2.24.so
7ff407bd6000-7ff407bdc000 rw-p 00000000 00:00 0 
7ff407bdc000-7ff407be7000 r-xp 00000000 103:06 2492970                   /lib/x86_64-linux-gnu/libnss_nis-2.24.so
7ff407be7000-7ff407de6000 ---p 0000b000 103:06 2492970                   /lib/x86_64-linux-gnu/libnss_nis-2.24.so
7ff407de6000-7ff407de7000 r--p 0000a000 103:06 2492970                   /lib/x86_64-linux-gnu/libnss_nis-2.24.so
7ff407de7000-7ff407de8000 rw-p 0000b000 103:06 2492970                   /lib/x86_64-linux-gnu/libnss_nis-2.24.so
7ff407de8000-7ff407dfc000 r-xp 00000000 103:06 2492960                   /lib/x86_64-linux-gnu/libnsl-2.24.so
7ff407dfc000-7ff407ffc000 ---p 00014000 103:06 2492960                   /lib/x86_64-linux-gnu/libnsl-2.24.so
7ff407ffc000-7ff407ffd000 r--p 00014000 103:06 2492960                   /lib/x86_64-linux-gnu/libnsl-2.24.so
7ff407ffd000-7ff407ffe000 rw-p 00015000 103:06 2492960                   /lib/x86_64-linux-gnu/libnsl-2.24.so
7ff407ffe000-7ff408000000 rw-p 00000000 00:00 0 
7ff408000000-7ff408d15000 rw-p 00000000 00:00 0 
7ff408d15000-7ff40c000000 ---p 00000000 00:00 0 
7ff40c000000-7ff40c001000 r--s 00001000 103:06 2633362                   /opt/android-studio/gradle/gradle-4.1/lib/native-platform-linux-i386-ncurses6-0.14.jar
7ff40c001000-7ff40c002000 r--s 00000000 103:06 2633342                   /opt/android-studio/gradle/gradle-4.1/lib/jcip-annotations-1.0.jar
7ff40c002000-7ff40c0c6000 rw-p 00000000 00:00 0 
7ff40c0c6000-7ff40c0cd000 r-xp 00000000 103:06 2492962                   /lib/x86_64-linux-gnu/libnss_compat-2.24.so
7ff40c0cd000-7ff40c2cc000 ---p 00007000 103:06 2492962                   /lib/x86_64-linux-gnu/libnss_compat-2.24.so
7ff40c2cc000-7ff40c2cd000 r--p 00006000 103:06 2492962                   /lib/x86_64-linux-gnu/libnss_compat-2.24.so
7ff40c2cd000-7ff40c2ce000 rw-p 00007000 103:06 2492962                   /lib/x86_64-linux-gnu/libnss_compat-2.24.so
7ff40c2ce000-7ff40c2fb000 r-xp 00000000 103:06 2634348                   /opt/android-studio/jre/jre/lib/amd64/libjava.so
7ff40c2fb000-7ff40c4fa000 ---p 0002d000 103:06 2634348                   /opt/android-studio/jre/jre/lib/amd64/libjava.so
7ff40c4fa000-7ff40c4fb000 r--p 0002c000 103:06 2634348                   /opt/android-studio/jre/jre/lib/amd64/libjava.so
7ff40c4fb000-7ff40c4fd000 rw-p 0002d000 103:06 2634348                   /opt/android-studio/jre/jre/lib/amd64/libjava.so
7ff40c4fd000-7ff40c50d000 r-xp 00000000 103:06 2634368                   /opt/android-studio/jre/jre/lib/amd64/libverify.so
7ff40c50d000-7ff40c70c000 ---p 00010000 103:06 2634368                   /opt/android-studio/jre/jre/lib/amd64/libverify.so
7ff40c70c000-7ff40c70e000 r--p 0000f000 103:06 2634368                   /opt/android-studio/jre/jre/lib/amd64/libverify.so
7ff40c70e000-7ff40c70f000 rw-p 00011000 103:06 2634368                   /opt/android-studio/jre/jre/lib/amd64/libverify.so
7ff40c70f000-7ff40c716000 r-xp 00000000 103:06 2493019                   /lib/x86_64-linux-gnu/librt-2.24.so
7ff40c716000-7ff40c915000 ---p 00007000 103:06 2493019                   /lib/x86_64-linux-gnu/librt-2.24.so
7ff40c915000-7ff40c916000 r--p 00006000 103:06 2493019                   /lib/x86_64-linux-gnu/librt-2.24.so
7ff40c916000-7ff40c917000 rw-p 00007000 103:06 2493019                   /lib/x86_64-linux-gnu/librt-2.24.so
7ff40c917000-7ff40ca1a000 r-xp 00000000 103:06 2492943                   /lib/x86_64-linux-gnu/libm-2.24.so
7ff40ca1a000-7ff40cc19000 ---p 00103000 103:06 2492943                   /lib/x86_64-linux-gnu/libm-2.24.so
7ff40cc19000-7ff40cc1a000 r--p 00102000 103:06 2492943                   /lib/x86_64-linux-gnu/libm-2.24.so
7ff40cc1a000-7ff40cc1b000 rw-p 00103000 103:06 2492943                   /lib/x86_64-linux-gnu/libm-2.24.so
7ff40cc1b000-7ff40d813000 r-xp 00000000 103:06 2634372                   /opt/android-studio/jre/jre/lib/amd64/server/libjvm.so
7ff40d813000-7ff40da13000 ---p 00bf8000 103:06 2634372                   /opt/android-studio/jre/jre/lib/amd64/server/libjvm.so
7ff40da13000-7ff40dab2000 r--p 00bf8000 103:06 2634372                   /opt/android-studio/jre/jre/lib/amd64/server/libjvm.so
7ff40dab2000-7ff40dadb000 rw-p 00c97000 103:06 2634372                   /opt/android-studio/jre/jre/lib/amd64/server/libjvm.so
7ff40dadb000-7ff40db1f000 rw-p 00000000 00:00 0 
7ff40db1f000-7ff40db37000 r-xp 00000000 103:06 2493009                   /lib/x86_64-linux-gnu/libpthread-2.24.so
7ff40db37000-7ff40dd36000 ---p 00018000 103:06 2493009                   /lib/x86_64-linux-gnu/libpthread-2.24.so
7ff40dd36000-7ff40dd37000 r--p 00017000 103:06 2493009                   /lib/x86_64-linux-gnu/libpthread-2.24.so
7ff40dd37000-7ff40dd38000 rw-p 00018000 103:06 2493009                   /lib/x86_64-linux-gnu/libpthread-2.24.so
7ff40dd38000-7ff40dd3c000 rw-p 00000000 00:00 0 
7ff40dd3c000-7ff40dd3f000 r-xp 00000000 103:06 2492897                   /lib/x86_64-linux-gnu/libdl-2.24.so
7ff40dd3f000-7ff40df3e000 ---p 00003000 103:06 2492897                   /lib/x86_64-linux-gnu/libdl-2.24.so
7ff40df3e000-7ff40df3f000 r--p 00002000 103:06 2492897                   /lib/x86_64-linux-gnu/libdl-2.24.so
7ff40df3f000-7ff40df40000 rw-p 00003000 103:06 2492897                   /lib/x86_64-linux-gnu/libdl-2.24.so
7ff40df40000-7ff40e0d5000 r-xp 00000000 103:06 2492874                   /lib/x86_64-linux-gnu/libc-2.24.so
7ff40e0d5000-7ff40e2d5000 ---p 00195000 103:06 2492874                   /lib/x86_64-linux-gnu/libc-2.24.so
7ff40e2d5000-7ff40e2d9000 r--p 00195000 103:06 2492874                   /lib/x86_64-linux-gnu/libc-2.24.so
7ff40e2d9000-7ff40e2db000 rw-p 00199000 103:06 2492874                   /lib/x86_64-linux-gnu/libc-2.24.so
7ff40e2db000-7ff40e2df000 rw-p 00000000 00:00 0 
7ff40e2df000-7ff40e2f5000 r-xp 00000000 103:06 2634444                   /opt/android-studio/jre/lib/amd64/jli/libjli.so
7ff40e2f5000-7ff40e4f4000 ---p 00016000 103:06 2634444                   /opt/android-studio/jre/lib/amd64/jli/libjli.so
7ff40e4f4000-7ff40e4f5000 r--p 00015000 103:06 2634444                   /opt/android-studio/jre/lib/amd64/jli/libjli.so
7ff40e4f5000-7ff40e4f6000 rw-p 00016000 103:06 2634444                   /opt/android-studio/jre/lib/amd64/jli/libjli.so
7ff40e4f6000-7ff40e519000 r-xp 00000000 103:06 2492844                   /lib/x86_64-linux-gnu/ld-2.24.so
7ff40e519000-7ff40e51e000 r--s 00041000 103:06 2633315                   /opt/android-studio/gradle/gradle-4.1/lib/commons-lang-2.6.jar
7ff40e51e000-7ff40e521000 r--s 00006000 103:06 2633344                   /opt/android-studio/gradle/gradle-4.1/lib/jsr305-1.3.9.jar
7ff40e521000-7ff40e522000 r--s 00007000 103:06 2633471                   /opt/android-studio/gradle/gradle-4.1/lib/slf4j-api-1.7.10.jar
7ff40e522000-7ff40e526000 r--s 00027000 103:06 2633314                   /opt/android-studio/gradle/gradle-4.1/lib/commons-io-2.2.jar
7ff40e526000-7ff40e52e000 r--s 000bd000 103:06 2633312                   /opt/android-studio/gradle/gradle-4.1/lib/asm-debug-all-6.0_ALPHA.jar
7ff40e52e000-7ff40e52f000 r--s 00004000 103:06 2633311                   /opt/android-studio/gradle/gradle-4.1/lib/ant-launcher-1.9.6.jar
7ff40e52f000-7ff40e5f1000 rw-p 00000000 00:00 0 
7ff40e5f1000-7ff40e5f4000 ---p 00000000 00:00 0 
7ff40e5f4000-7ff40e6f4000 rw-p 00000000 00:00 0 
7ff40e6f4000-7ff40e700000 r--s 00053000 103:06 2633316                   /opt/android-studio/gradle/gradle-4.1/lib/gradle-base-services-4.1.jar
7ff40e700000-7ff40e70c000 r--s 0005c000 103:06 2633327                   /opt/android-studio/gradle/gradle-4.1/lib/gradle-launcher-4.1.jar
7ff40e70c000-7ff40e714000 rw-s 00000000 103:06 7091237                   /tmp/hsperfdata_momo/2308
7ff40e714000-7ff40e715000 rw-p 00000000 00:00 0 
7ff40e715000-7ff40e716000 ---p 00000000 00:00 0 
7ff40e716000-7ff40e719000 rw-p 00000000 00:00 0 
7ff40e719000-7ff40e71a000 r--p 00023000 103:06 2492844                   /lib/x86_64-linux-gnu/ld-2.24.so
7ff40e71a000-7ff40e71b000 rw-p 00024000 103:06 2492844                   /lib/x86_64-linux-gnu/ld-2.24.so
7ff40e71b000-7ff40e71c000 rw-p 00000000 00:00 0 
7fff06884000-7fff068a5000 rw-p 00000000 00:00 0                          [stack]
7fff06929000-7fff0692c000 r--p 00000000 00:00 0                          [vvar]
7fff0692c000-7fff0692e000 r-xp 00000000 00:00 0                          [vdso]
ffffffffff600000-ffffffffff601000 r-xp 00000000 00:00 0                  [vsyscall]

VM Arguments:
jvm_args: -Xmx1536m -Dfile.encoding=UTF-8 -Duser.country=CN -Duser.language=zh -Duser.variant -Dawt.useSystemAAFontSettings=gasp 
java_command: org.gradle.launcher.daemon.bootstrap.GradleDaemon 4.1
java_class_path (initial): /opt/android-studio/gradle/gradle-4.1/lib/gradle-launcher-4.1.jar
Launcher Type: SUN_STANDARD

Environment Variables:
JAVA_HOME=/opt/jdk1.8.0_171
JRE_HOME=/opt/jdk1.8.0_171/jre
_JAVA_OPTIONS=  -Dawt.useSystemAAFontSettings=gasp
CLASSPATH=/opt/android-studio/lib/bootstrap.jar:/opt/android-studio/lib/extensions.jar:/opt/android-studio/lib/util.jar:/opt/android-studio/lib/jdom.jar:/opt/android-studio/lib/log4j.jar:/opt/android-studio/lib/trove4j.jar:/opt/android-studio/lib/jna.jar:/opt/android-studio/jre/lib/tools.jar
PATH=/opt/jdk1.8.0_171/bin:/usr/local/bin:/usr/bin:/bin:/usr/local/games:/usr/games:/sbin:/usr/sbin:/opt/android-sdk/platform-tools:/opt/android-sdk/tools:/opt/android-sdk/tools/bin
LD_LIBRARY_PATH=/opt/android-studio/bin:
SHELL=/bin/bash
DISPLAY=:0

Signal Handlers:
SIGSEGV: [libjvm.so+0x9ebc60], sa_mask[0]=11111111011111111101111111111110, sa_flags=SA_RESTART|SA_SIGINFO
SIGBUS: [libjvm.so+0x9ebc60], sa_mask[0]=11111111011111111101111111111110, sa_flags=SA_RESTART|SA_SIGINFO
SIGFPE: [libjvm.so+0x84cf60], sa_mask[0]=11111111011111111101111111111110, sa_flags=SA_RESTART|SA_SIGINFO
SIGPIPE: [libjvm.so+0x84cf60], sa_mask[0]=11111111011111111101111111111110, sa_flags=SA_RESTART|SA_SIGINFO
SIGXFSZ: [libjvm.so+0x84cf60], sa_mask[0]=11111111011111111101111111111110, sa_flags=SA_RESTART|SA_SIGINFO
SIGILL: [libjvm.so+0x84cf60], sa_mask[0]=11111111011111111101111111111110, sa_flags=SA_RESTART|SA_SIGINFO
SIGUSR1: SIG_DFL, sa_mask[0]=00000000000000000000000000000000, sa_flags=none
SIGUSR2: [libjvm.so+0x84ce30], sa_mask[0]=00100000000000000000000000000000, sa_flags=SA_RESTART|SA_SIGINFO
SIGHUP: SIG_IGN, sa_mask[0]=00000000000000000000000000000000, sa_flags=none
SIGINT: [libjvm.so+0x84d020], sa_mask[0]=11111111011111111101111111111110, sa_flags=SA_RESTART|SA_SIGINFO
SIGTERM: [libjvm.so+0x84d020], sa_mask[0]=11111111011111111101111111111110, sa_flags=SA_RESTART|SA_SIGINFO
SIGQUIT: [libjvm.so+0x84d020], sa_mask[0]=11111111011111111101111111111110, sa_flags=SA_RESTART|SA_SIGINFO


---------------  S Y S T E M  ---------------

OS:DISTRIB_ID=Deepin
DISTRIB_RELEASE="15.6"
DISTRIB_DESCRIPTION="Deepin 15.6 "
DISTRIB_CODENAME=unstable

uname:Linux 4.15.0-21deepin-generic #21 SMP Mon May 21 05:20:09 UTC 2018 x86_64
libc:glibc 2.24 NPTL 2.24 
rlimit: STACK 8192k, CORE 0k, NPROC 30495, NOFILE 1048576, AS infinity
load average:2.93 2.51 3.30

/proc/meminfo:
MemTotal:        7920436 kB
MemFree:          112048 kB
MemAvailable:       4440 kB
Buffers:            1308 kB
Cached:          1106372 kB
SwapCached:            0 kB
Active:          6435236 kB
Inactive:        1097608 kB
Active(anon):    6426596 kB
Inactive(anon):  1086928 kB
Active(file):       8640 kB
Inactive(file):    10680 kB
Unevictable:           0 kB
Mlocked:               0 kB
SwapTotal:             0 kB
SwapFree:              0 kB
Dirty:               228 kB
Writeback:             0 kB
AnonPages:       6425440 kB
Mapped:           397164 kB
Shmem:           1088088 kB
Slab:             120260 kB
SReclaimable:      47572 kB
SUnreclaim:        72688 kB
KernelStack:       15792 kB
PageTables:        60760 kB
NFS_Unstable:          0 kB
Bounce:                0 kB
WritebackTmp:          0 kB
CommitLimit:     3960216 kB
Committed_AS:   13969648 kB
VmallocTotal:   34359738367 kB
VmallocUsed:           0 kB
VmallocChunk:          0 kB
HardwareCorrupted:     0 kB
AnonHugePages:   1120256 kB
ShmemHugePages:        0 kB
ShmemPmdMapped:        0 kB
CmaTotal:              0 kB
CmaFree:               0 kB
HugePages_Total:       0
HugePages_Free:        0
HugePages_Rsvd:        0
HugePages_Surp:        0
Hugepagesize:       2048 kB
DirectMap4k:      205968 kB
DirectMap2M:     7933952 kB
DirectMap1G:     1048576 kB


CPU:total 4 (initial active 4) (2 cores per cpu, 2 threads per core) family 6 model 78 stepping 3, cmov, cx8, fxsr, mmx, sse, sse2, sse3, ssse3, sse4.1, sse4.2, popcnt, avx, avx2, aes, clmul, erms, 3dnowpref, lzcnt, ht, tsc, tscinvbit, bmi1, bmi2, adx

/proc/cpuinfo:
processor	: 0
vendor_id	: GenuineIntel
cpu family	: 6
model		: 78
model name	: Intel(R) Core(TM) i5-6200U CPU @ 2.30GHz
stepping	: 3
microcode	: 0xba
cpu MHz		: 2200.011
cache size	: 3072 KB
physical id	: 0
siblings	: 4
core id		: 0
cpu cores	: 2
apicid		: 0
initial apicid	: 0
fpu		: yes
fpu_exception	: yes
cpuid level	: 22
wp		: yes
flags		: fpu vme de pse tsc msr pae mce cx8 apic sep mtrr pge mca cmov pat pse36 clflush dts acpi mmx fxsr sse sse2 ss ht tm pbe syscall nx pdpe1gb rdtscp lm constant_tsc art arch_perfmon pebs bts rep_good nopl xtopology nonstop_tsc cpuid aperfmperf tsc_known_freq pni pclmulqdq dtes64 monitor ds_cpl vmx est tm2 ssse3 sdbg fma cx16 xtpr pdcm pcid sse4_1 sse4_2 x2apic movbe popcnt tsc_deadline_timer aes xsave avx f16c rdrand lahf_lm abm 3dnowprefetch cpuid_fault epb invpcid_single pti tpr_shadow vnmi flexpriority ept vpid fsgsbase tsc_adjust bmi1 avx2 smep bmi2 erms invpcid mpx rdseed adx smap clflushopt intel_pt xsaveopt xsavec xgetbv1 xsaves dtherm ida arat pln pts hwp hwp_notify hwp_act_window hwp_epp
bugs		: cpu_meltdown spectre_v1 spectre_v2
bogomips	: 4800.00
clflush size	: 64
cache_alignment	: 64
address sizes	: 39 bits physical, 48 bits virtual
power management:

processor	: 1
vendor_id	: GenuineIntel
cpu family	: 6
model		: 78
model name	: Intel(R) Core(TM) i5-6200U CPU @ 2.30GHz
stepping	: 3
microcode	: 0xba
cpu MHz		: 2199.968
cache size	: 3072 KB
physical id	: 0
siblings	: 4
core id		: 1
cpu cores	: 4
apicid		: 2
initial apicid	: 2
fpu		: yes
fpu_exception	: yes
cpuid level	: 22
wp		: yes
flags		: fpu vme de pse tsc msr pae mce cx8 apic sep mtrr pge mca cmov pat pse36 clflush dts acpi mmx fxsr sse sse2 ss ht tm pbe syscall nx pdpe1gb rdtscp lm constant_tsc art arch_perfmon pebs bts rep_good nopl xtopology nonstop_tsc cpuid aperfmperf tsc_known_freq pni pclmulqdq dtes64 monitor ds_cpl vmx est tm2 ssse3 sdbg fma cx16 xtpr pdcm pcid sse4_1 sse4_2 x2apic movbe popcnt tsc_deadline_timer aes xsave avx f16c rdrand lahf_lm abm 3dnowprefetch cpuid_fault epb invpcid_single pti tpr_shadow vnmi flexpriority ept vpid fsgsbase tsc_adjust bmi1 avx2 smep bmi2 erms invpcid mpx rdseed adx smap clflushopt intel_pt xsaveopt xsavec xgetbv1 xsaves dtherm ida arat pln pts hwp hwp_notify hwp_act_window hwp_epp
bugs		: cpu_meltdown spectre_v1 spectre_v2
bogomips	: 4800.00
clflush size	: 64
cache_alignment	: 64
address sizes	: 39 bits physical, 48 bits virtual
power management:

processor	: 2
vendor_id	: GenuineIntel
cpu family	: 6
model		: 78
model name	: Intel(R) Core(TM) i5-6200U CPU @ 2.30GHz
stepping	: 3
microcode	: 0xba
cpu MHz		: 2199.999
cache size	: 3072 KB
physical id	: 0
siblings	: 4
core id		: 0
cpu cores	: 2
apicid		: 1
initial apicid	: 1
fpu		: yes
fpu_exception	: yes
cpuid level	: 22
wp		: yes
flags		: fpu vme de pse tsc msr pae mce cx8 apic sep mtrr pge mca cmov pat pse36 clflush dts acpi mmx fxsr sse sse2 ss ht tm pbe syscall nx pdpe1gb rdtscp lm constant_tsc art arch_perfmon pebs bts rep_good nopl xtopology nonstop_tsc cpuid aperfmperf tsc_known_freq pni pclmulqdq dtes64 monitor ds_cpl vmx est tm2 ssse3 sdbg fma cx16 xtpr pdcm pcid sse4_1 sse4_2 x2apic movbe popcnt tsc_deadline_timer aes xsave avx f16c rdrand lahf_lm abm 3dnowprefetch cpuid_fault epb invpcid_single pti tpr_shadow vnmi flexpriority ept vpid fsgsbase tsc_adjust bmi1 avx2 smep bmi2 erms invpcid mpx rdseed adx smap clflushopt intel_pt xsaveopt xsavec xgetbv1 xsaves dtherm ida arat pln pts hwp hwp_notify hwp_act_window hwp_epp
bugs		: cpu_meltdown spectre_v1 spectre_v2
bogomips	: 4800.00
clflush size	: 64
cache_alignment	: 64
address sizes	: 39 bits physical, 48 bits virtual
power management:

processor	: 3
vendor_id	: GenuineIntel
cpu family	: 6
model		: 78
model name	: Intel(R) Core(TM) i5-6200U CPU @ 2.30GHz
stepping	: 3
microcode	: 0xba
cpu MHz		: 2199.995
cache size	: 3072 KB
physical id	: 0
siblings	: 4
core id		: 1
cpu cores	: 1
apicid		: 3
initial apicid	: 3
fpu		: yes
fpu_exception	: yes
cpuid level	: 22
wp		: yes
flags		: fpu vme de pse tsc msr pae mce cx8 apic sep mtrr pge mca cmov pat pse36 clflush dts acpi mmx fxsr sse sse2 ss ht tm pbe syscall nx pdpe1gb rdtscp lm constant_tsc art arch_perfmon pebs bts rep_good nopl xtopology nonstop_tsc cpuid aperfmperf tsc_known_freq pni pclmulqdq dtes64 monitor ds_cpl vmx est tm2 ssse3 sdbg fma cx16 xtpr pdcm pcid sse4_1 sse4_2 x2apic movbe popcnt tsc_deadline_timer aes xsave avx f16c rdrand lahf_lm abm 3dnowprefetch cpuid_fault epb invpcid_single pti tpr_shadow vnmi flexpriority ept vpid fsgsbase tsc_adjust bmi1 avx2 smep bmi2 erms invpcid mpx rdseed adx smap clflushopt intel_pt xsaveopt xsavec xgetbv1 xsaves dtherm ida arat pln pts hwp hwp_notify hwp_act_window hwp_epp
bugs		: cpu_meltdown spectre_v1 spectre_v2
bogomips	: 4800.00
clflush size	: 64
cache_alignment	: 64
address sizes	: 39 bits physical, 48 bits virtual
power management:



Memory: 4k page, physical 7920436k(114336k free), swap 0k(0k free)

vm_info: OpenJDK 64-Bit Server VM (25.152-b01) for linux-amd64 JRE (1.8.0_152-release-915-b01), built by "builder" with gcc 4.8.4

time: Fri Jun 22 19:20:13 2018
elapsed time: 8934 seconds (0d 2h 28m 54s)

